msgid ""
msgstr ""
"Project-Id-Version: friendly-traceback\n"
"POT-Creation-Date: 2021-11-26 08:41-0400\n"
"PO-Revision-Date: \n"
"Last-Translator: André Roberge <andre.roberge@gmail.com>\n"
"Language-Team: \n"
"Language: es_AR\n"
"MIME-Version: 1.0\n"
"Content-Type: text/plain; charset=UTF-8\n"
"Content-Transfer-Encoding: 8bit\n"
"X-Generator: Poedit 3.0\n"

#: __init__.py:191 __main__.py:169
msgid "The file {filename} does not exist."
msgstr "El archivo {filename} no existe."

#: base_formatters.py:148 base_formatters.py:154
msgid "I have no suggestion to offer."
msgstr "No tengo una sugerencia para ofrecer."

#: base_formatters.py:152
msgid "I have no suggestion to offer; try `why()`."
msgstr "No tengo una sugerencia para ofrecer; intenta con `why()`."

#: config.py:43
msgid ""
"Are you using a regular Python console instead of a Friendly console?\n"
"If so, to continue, try: `start_console(local_vars=locals())`.\n"
"You will need to import `start_console` if you have not already done so.\n"
msgstr ""
"¿Estás usando una consola normal de Python en lugar de una consola "
"Friendly?\n"
"Si es así, para continuar, prueba: `start_console(local_vars=locals())`.\n"
"Tendrás que importar `start_console` si no lo has hecho ya.\n"

#: config.py:72 config.py:181 console_helpers.py:29
msgid "Nothing to show: no exception recorded."
msgstr "Nada para mostrar: no se registró una excepción."

#: config.py:305
msgid ""
"An exception occurred before friendly-traceback was imported.\n"
"Some information is available."
msgstr ""
"Se ha producido una excepción antes de importar el friendly-traceback.\n"
"Hay alguna información disponible."

#: console_helpers.py:39
msgid "Nothing to go back to: no exception recorded."
msgstr "Nada a donde volver: no se registró excepción alguna."

#: console_helpers.py:121 console_helpers.py:125
msgid "{exception} is not an exception."
msgstr "{exception} no es una excepción."

#: console_helpers.py:204
msgid ""
"Invalid argument for `www()`.\n"
"Valid arguments include `None` or one of `{sites}`.\n"
msgstr ""
"Argumento no valido para `www()`.\n"
"Los argumentos validos incluyen `None` o alguno de `{sites}`.\n"

#: console_helpers.py:228
msgid "The default web browser cannot be used for searching."
msgstr "El navegador web por defecto no se puede utilizar para la búsqueda."

#: console_helpers.py:418
msgid ""
"The following methods of the Friendly object should also be available as "
"functions."
msgstr ""
"Los siguientes métodos del objeto Friendly también deberían estar "
"disponibles como funciones."

#: core.py:440
msgid "More lines not shown."
msgstr "Más lineas no mostradas."

#: core.py:441 core.py:480
msgid "Python exception:"
msgstr "Excepción Python:"

#: core.py:492
msgid ""
"Warning: improperly formed exception.\n"
"I suspect that a custom exception has been raised\n"
"with a non-string value used as a message.\n"
"This can occur if a `__repr__` or a `__str__` method\n"
"raises an exception or does not return a string.\n"
msgstr ""
"Advertencia: excepción mal formada.\n"
"Sospecho que se ha lanzado una excepción personalizada\n"
"con un valor que no es una cadena utilizado como mensaje.\n"
"Esto puede ocurrir si un método `__repr__` o un método `__str__`\n"
"lanza una excepción o no devuelve una cadena.\n"

#: core.py:551
msgid "The encoding of the file was not valid.\n"
msgstr "La codificación del archivo no era valida.\n"

#: core.py:622
msgid ""
"{filename} is not a regular Python file whose contents can be analyzed.\n"
msgstr ""
"{filename} no es un archivo regular de Python cuyo contenido pueda ser "
"analizado.\n"

#: core.py:627
msgid "Exception raised on line {linenumber} of code block {filename}.\n"
msgstr ""
"Excepción elevada en la linea {linenumber} del bloque de código {filename}.\n"

#: core.py:631
msgid "Exception raised on line {linenumber} of file {filename}.\n"
msgstr "Excepción elevada en la linea {linenumber} del archivo {filename}.\n"

#: core.py:660
msgid "Execution stopped on line {linenumber} of code block {filename}.\n"
msgstr ""
"La ejecución se detuvo en la linea {linenumber} del bloque de "
"código{filename}.\n"

#: core.py:664
msgid "Execution stopped on line {linenumber} of file {filename}.\n"
msgstr ""
"La ejecución se detuvo en la linea {linenumber} del archivo {filename}.\n"

#: core.py:682
msgid ""
"`{filename}` is not a regular Python file whose contents\n"
"can be analyzed.\n"
msgstr ""
"`{filename}` no es un archivo regular de Python cuyo contenido\n"
"puede ser analizado.\n"

#: core.py:695
msgid "Python could not understand the code in the code block {filename}\n"
msgstr "Python no pudo entender el código en el bloque de código {filename}\n"

#: core.py:699
msgid ""
"Python could not understand the code in the file\n"
"'{filename}'\n"
msgstr ""
"Python no pudo entender el código en el archivo\n"
"'{filename}'\n"

#: core.py:704
msgid "at the location indicated by ^.\n"
msgstr "en la ubicación indicada por ^.\n"

#: core.py:934
msgid ""
"Unfortunately, no additional information is available:\n"
"the content of file '<stdin>' is not accessible.\n"
msgstr ""
"Lamentablemente, no hay información adicional disponible:\n"
"el contenido del archivo '<stdin>' no es accesible.\n"

#: frame_info.py:31
msgid "Problem: source of `{filename}` is not available\n"
msgstr "Problema: la fuente de `{filename}` no está disponible\n"

#: ft_console.py:29
msgid "Type 'Friendly' for help on special functions/methods."
msgstr ""
"Escriba 'Friendly' para obtener ayuda sobre funciones/métodos especiales."

#: ft_gettext.py:82
msgid ""
"Please report this example to\n"
"https://github.com/friendly-traceback/friendly-traceback/issues/new\n"
"If you are using a REPL, use `www('bug')` to do so.\n"
"\n"
msgstr ""
"Por favor, informe de este ejemplo a\n"
"https://github.com/friendly-traceback/friendly-traceback/issues/new\n"
"Si está utilizando un REPL, utilice `www('bug')` para hacerlo.\n"
"\n"

#: ft_gettext.py:90
msgid "Friendly-traceback does not know the cause of this error.\n"
msgstr "Friendly-traceback no conoce la causa de este error.\n"

#: ft_gettext.py:96
msgid "No information is known about this exception.\n"
msgstr "No se conoce ninguna información sobre esta excepción.\n"

#: ft_gettext.py:98
msgid ""
"If you are using the Friendly console, use `www()` to\n"
"do an Internet search for this particular case.\n"
msgstr ""
"Si está utilizando la consola Friendly, utilice `www()` para\n"
"hacer una búsqueda en Internet para este caso en particular.\n"

#: ft_gettext.py:107
msgid "Internal error for Friendly.\n"
msgstr "Error interno para Friendly.\n"

#: functions_help.py:10
msgid "Removes the last recorded traceback item."
msgstr "Elimina el último elemento del trackback registrado."

#: functions_help.py:11
msgid "Shows all the information about the last traceback."
msgstr "Muestra toda la información sobre el último traceback."

#: functions_help.py:12
msgid "Shows a list of recorded traceback messages."
msgstr "Muestra una lista de los mensajes de traceback registrados."

#: functions_help.py:13
msgid "Sets the language to be used."
msgstr "Establece el idioma a utilizar."

#: functions_help.py:14
msgid "Shows the paths corresponding to synonyms used."
msgstr "Muestra las rutas correspondientes a los sinónimos utilizados."

#: functions_help.py:15
msgid "Changes the prompt style to be used in the console."
msgstr ""

#: functions_help.py:16
msgid "Shows the generic meaning of a given exception"
msgstr "Muestra el significado genérico de una determinada excepción"

#: functions_help.py:17
msgid "Shows where an exception was raised."
msgstr "Muestra dónde se ha producido una excepción."

#: functions_help.py:18
msgid "Shows the likely cause of the exception."
msgstr "Muestra la causa probable de la excepción."

#: functions_help.py:19
msgid "Opens a web browser at a useful location."
msgstr "Abre un navegador web en una ubicación útil."

#: functions_help.py:20
msgid "Suggestion sometimes added to a friendly traceback."
msgstr "Sugerencia que a veces se añade a un traceback amistoso."

#: functions_help.py:21
msgid "Shows a normal Python traceback."
msgstr "Muestra un traceback normal de Python."

#: functions_help.py:22
msgid "Shows a simplified Python traceback."
msgstr "Muestra un traceback simplificado de Python."

#: functions_help.py:23
msgid "Returns the current value used for items to include by default."
msgstr ""
"Devuelve el valor actual utilizado para los elementos a incluir por defecto."

#: functions_help.py:26
msgid "Sets the items to show by default when an exception is raised."
msgstr ""
"Establece los elementos a mostrar por defecto cuando se produce una "
"excepción."

#: functions_help.py:29
msgid "Returns the language currently used."
msgstr "Devuelve el idioma utilizado actualmente."

#: functions_help.py:30
msgid "Sets the formatter to use for display."
msgstr "Establece el formateador que será utilizado para mostrar."

#: functions_help.py:31
msgid "Use True (default) or False to set the debug flag."
msgstr ""
"Usa `True` (por defecto) o `False` para establecer la bandera de depuración."

#: info_generic.py:39
msgid "An exception of type `{name}` is a subclass of `{parent}`.\n"
msgstr "Una excepción del tipo `{name}` es subclase de `{parent}`.\n"

#: info_generic.py:64
msgid ""
"`ArithmeticError` is the base class for those built-in exceptions\n"
"that are raised for various arithmetic errors.\n"
"It is unusual that you are seeing this exception;\n"
"normally, a more specific exception should have been raised.\n"
msgstr ""
"`ArithmeticError` es la clase base para aquellas excepciones integradas al "
"lenguaje\n"
"que se producen por diversos errores aritméticos.\n"
"Es inusual que veas esta excepción;\n"
"normalmente, una excepción más específica debería haber sido lanzada.\n"

#: info_generic.py:74
msgid ""
"In Python, the keyword `assert` is used in statements of the form\n"
"`assert condition`, to confirm that `condition` is not `False`,\n"
"nor equivalent to `False` such as an empty list, etc.\n"
"\n"
"If `condition` is `False` or equivalent, an `AssertionError` is raised.\n"
msgstr ""
"En Python, la palabra clave `assert` se utiliza en sentencias de la forma\n"
"`assert condition`, para confirmar que `condition` no es `False`,\n"
"ni equivalente a `False`, como una lista vacía, etc.\n"
"\n"
"Si `condición` es `False` o equivalente, se produce un `AssertionError`.\n"

#: info_generic.py:84
msgid ""
"An `AttributeError` occurs when the code contains something like\n"
"    `object.x`\n"
"and `x` is not a method or attribute (variable) belonging to `object`.\n"
msgstr ""
"Un `AttributeError` ocurre cuando el código contiene algo como\n"
"    objeto.x\n"
"y `x` no es un método o atributo (variable) perteneciente al `objeto`.\n"

#: info_generic.py:93
msgid ""
"An `EOFError` is raised when the `input()` function hits\n"
"an end-of-file condition (EOF) without reading any data.\n"
msgstr ""
"Se produce un `EOFError` cuando la función `input()` alcanza\n"
"una condición de fin de archivo (EOF) sin leer ningún dato.\n"

#: info_generic.py:101
msgid ""
"A `FileNotFoundError` exception indicates that you\n"
"are trying to open a file that cannot be found by Python.\n"
"This could be because you misspelled the name of the file.\n"
msgstr ""
"Una excepción `FileNotFoundError` indica que estas\n"
"tratando de abrir un archivo que no puede ser encontrado por Python.\n"
"Esto puede deberse a que has escrito mal el nombre del archivo.\n"

#: info_generic.py:110
msgid ""
"An `ImportError` exception indicates that a certain object could not\n"
"be imported from a module or package. Most often, this is\n"
"because the name of the object is not spelled correctly.\n"
msgstr ""
"Una excepción `ImportError` indica que un determinado objeto no pudo\n"
"importarse de un módulo o paquete. La mayoría de las veces, esto se debe a "
"que\n"
"porque el nombre del objeto no está escrito correctamente.\n"

#: info_generic.py:119
msgid ""
"An `IndentationError` occurs when a given line of code is\n"
"not indented (aligned vertically with other lines) as expected.\n"
msgstr ""
"Un `IndentationError` ocurre cuando una línea de código dada no está\n"
"con la indentación (alineada verticalmente con otras líneas) que se espera.\n"

#: info_generic.py:127
msgid ""
"An `IndexError` occurs when you try to get an item from a list,\n"
"a tuple, or a similar object (sequence), and use an index which\n"
"does not exist; typically, this happens because the index you give\n"
"is greater than the length of the sequence.\n"
msgstr ""
"Un `IndexError` se produce cuando se intenta obtener un elemento de una "
"lista\n"
"una tupla, o un objeto similar (secuencia), y utiliza un índice que\n"
"no existe; normalmente, esto ocurre porque el índice que se da\n"
"es mayor que la longitud de la secuencia.\n"

#: info_generic.py:137
msgid ""
"A `KeyError` is raised when a value is not found as a\n"
"key in a Python dict or in a similar object.\n"
msgstr ""
"Se produce un `KeyError` cuando no se encuentra un valor como llave\n"
"en un dict de Python o en un objeto similar.\n"

#: info_generic.py:145
msgid ""
"`LookupError` is the base class for the exceptions that are raised\n"
"when a key or index used on a mapping or sequence is invalid.\n"
"It can also be raised directly by codecs.lookup().\n"
msgstr ""
"`LookupError` es la clase base para las excepciones que se producen\n"
"cuando una clave o índice utilizado en un mapeo o secuencia no es válido.\n"
"También puede ser elevada directamente por codecs.lookup().\n"

#: info_generic.py:154
msgid ""
"Like the name indicates, a `MemoryError` occurs when Python\n"
"runs out of memory. This can happen if you create an object\n"
"that is too big, like a list with too many items.\n"
msgstr ""
"Como su nombre indica, un `MemoryError` ocurre cuando Python\n"
"se queda sin memoria. Esto puede ocurrir si se crea un objeto\n"
"que es demasiado grande, como una lista con demasiados elementos.\n"

#: info_generic.py:163
msgid ""
"A `ModuleNotFoundError` exception indicates that you\n"
"are trying to import a module that cannot be found by Python.\n"
"This could be because you misspelled the name of the module\n"
"or because it is not installed on your computer.\n"
msgstr ""
"Una excepción `ModuleNotFoundError` indica que estás\n"
"está tratando de importar un módulo que no puede ser encontrado por Python.\n"
"Esto puede deberse a que has escrito mal el nombre del módulo\n"
"o porque no está instalado en tu computadora.\n"

#: info_generic.py:173
msgid ""
"A `NameError` exception indicates that a variable or\n"
"function name is not known to Python.\n"
"Most often, this is because there is a spelling mistake.\n"
"However, sometimes it is because the name is used\n"
"before being defined or given a value.\n"
msgstr ""
"Una excepción `NameError` indica que una variable o\n"
"nombre de función no es conocido por Python.\n"
"La mayoría de las veces, esto se debe a un error ortográfico.\n"
"Sin embargo, a veces es porque el nombre se utiliza\n"
"antes de ser definido o de recibir un valor.\n"

#: info_generic.py:184
msgid ""
"An `OSError` exception is usually raised by the Operating System\n"
"to indicate that an operation is not allowed or that\n"
"a resource is not available.\n"
msgstr ""
"El sistema operativo suele lanzar una excepción `OSError` para indicar que "
"una operación\n"
"para indicar que una operación no está permitida o que\n"
"un recurso no está disponible.\n"

#: info_generic.py:193
msgid ""
"An `OverflowError` is raised when the result of an arithmetic operation\n"
"is too large to be handled by the computer's processor.\n"
msgstr ""
"Se produce un `OverflowError` cuando el resultado de una operación "
"aritmética\n"
"es demasiado grande para ser manejado por el procesador del ordenador.\n"

#: info_generic.py:201
msgid ""
"A `RecursionError` is raised when a function calls itself,\n"
"directly or indirectly, too many times.\n"
"It almost always indicates that you made an error in your code\n"
"and that your program would never stop.\n"
msgstr ""
"Un `RecursionError` se levanta cuando una función se llama a sí misma\n"
"directa o indirectamente, demasiadas veces.\n"
"Casi siempre indica que has cometido un error en tu código\n"
"y que su programa nunca se detendrá.\n"

#: info_generic.py:211
msgid ""
"`StopIteration` is raised to indicate that an iterator has no more\n"
"item to provide when its `__next__` method is called by\n"
"the `next()` builtin function.\n"
msgstr ""
"`StopIteration` se eleva para indicar que un iterador no tiene más\n"
"elementos para proporcionar cuando su método `__next__` es llamado por\n"
"la función incorporada `next()`.\n"

#: info_generic.py:220
msgid "A `SyntaxError` occurs when Python cannot understand your code.\n"
msgstr "Un `SyntaxError` ocurre cuando Python no puede entender tu código.\n"

#: info_generic.py:225
msgid ""
"A `TabError` indicates that you have used both spaces\n"
"and tab characters to indent your code.\n"
"This is not allowed in Python.\n"
"Indenting your code means to have block of codes aligned vertically\n"
"by inserting either spaces or tab characters at the beginning of lines.\n"
"Python's recommendation is to always use spaces to indent your code.\n"
msgstr ""
"Un `TabError` indica que ha utilizado tanto espacios\n"
"y caracteres de tabulación para indentar tu código.\n"
"Esto no está permitido en Python.\n"
"Indentar tu código significa tener un bloque de código alineado "
"verticalmente\n"
"insertando espacios o caracteres de tabulación al principio de las líneas.\n"
"La recomendación de Python es utilizar siempre espacios para sangrar el "
"código.\n"

#: info_generic.py:237
msgid ""
"A `TypeError` is usually caused by trying\n"
"to combine two incompatible types of objects,\n"
"by calling a function with the wrong type of object,\n"
"or by trying to do an operation not allowed on a given type of object.\n"
msgstr ""
"Un `TypeError` suele producirse al intentar\n"
"combinar dos tipos de objetos incompatibles,\n"
"por llamar a una función con el tipo de objeto equivocado,\n"
"o por intentar realizar una operación no permitida en un tipo de objeto "
"determinado.\n"

#: info_generic.py:247
msgid ""
"A `ValueError` indicates that a function or an operation\n"
"received an argument of the right type, but an inappropriate value.\n"
msgstr ""
"Un `ValueError` indica que una función o una operación\n"
"recibió un argumento del tipo correcto, pero un valor inapropiado.\n"

#: info_generic.py:255
msgid ""
"In Python, variables that are used inside a function are known as \n"
"local variables. Before they are used, they must be assigned a value.\n"
"A variable that is used before it is assigned a value is assumed to\n"
"be defined outside that function; it is known as a `global`\n"
"(or sometimes `nonlocal`) variable. You cannot assign a value to such\n"
"a global variable inside a function without first indicating to\n"
"Python that this is a global variable, otherwise you will see\n"
"an `UnboundLocalError`.\n"
msgstr ""
"En Python, las variables que se utilizan dentro de una función sé conocen\n"
"como variables locales. Previo a ser empleadas, se les debe asignar un "
"valor.\n"
"Una variable que se emplea antes de que se le asigne\n"
"un valor se supone que está definida fuera de esa función; se \n"
"conoce como `global` (o a veces `no local`). No se puede asignar un\n"
"valor a dicha variable global dentro de una función sin indicar primero a\n"
"Python que se trata de una variable global, de lo contrario verá\n"
"un `UnboundLocalError`.\n"

#: info_generic.py:269
msgid "No information is available about this warning.\n"
msgstr "No hay información disponible sobre esta advertencia.\n"

#: info_generic.py:274
msgid ""
"A `ZeroDivisionError` occurs when you are attempting to divide a value\n"
"by zero either directly or by using some other mathematical operation.\n"
msgstr ""
"Un `ZeroDivisionError` ocurre cuando se intenta dividir un valor\n"
"por cero, ya sea directamente o utilizando alguna otra operación "
"matemática.\n"

#: info_variables.py:32
msgid "a complex number"
msgstr "un número complejo"

#: info_variables.py:33
msgid "a dictionary (`dict`)"
msgstr "un diccionario (`dict`)"

#: info_variables.py:34
msgid "a number (`float`)"
msgstr "un número (`float`)"

#: info_variables.py:35
msgid "a `frozenset`"
msgstr "un `frozenset`"

#: info_variables.py:36
msgid "an integer (`int`)"
msgstr "un número entero (`int`)"

#: info_variables.py:37
msgid "a `list`"
msgstr "una `list`"

#: info_variables.py:38
msgid "a variable equal to `None` (`NoneType`)"
msgstr "una variable igual a `None` (`NoneType`)"

#: info_variables.py:39
msgid "a `set`"
msgstr "un `set`"

#: info_variables.py:40 info_variables.py:41
msgid "a string (`str`)"
msgstr "un string (`str`)"

#: info_variables.py:42
msgid "a `tuple`"
msgstr "una `tuple`"

#: info_variables.py:441
msgid ""
"A type hint found for `{name}` in the {scope} scope.\n"
"Perhaps you had used a colon instead of an equal sign and wrote\n"
"\n"
"    {name} : {hint}\n"
"\n"
"instead of\n"
"\n"
"    {name} = {hint}\n"
msgstr ""
"Se ha encontrado un type hint para `{name}` en el ámbito {scope}.\n"
"Tal vez haya utilizado dos puntos en lugar de un signo de igualdad y haya "
"escrito\n"
"\n"
"    {name} : {hint}\n"
"\n"
"en lugar de\n"
"\n"
"    {name} = {hint}\n"

#: path_info.py:208
msgid "The default directory is {dirname}."
msgstr "El directorio por defecto es {dirname}."

#: runtime_errors\attribute_error.py:32 runtime_errors\attribute_error.py:80
#: runtime_errors\attribute_error.py:118
msgid "Did you give your program the same name as a Python module?\n"
msgstr "¿Has dado a tu programa el mismo nombre que un módulo de Python?\n"

#: runtime_errors\attribute_error.py:33 runtime_errors\attribute_error.py:81
msgid ""
"I suspect that you used the name `{module}.py` for your program\n"
"and that you also wanted to import a module with the same name\n"
"from Python's standard library.\n"
"If so, you should use a different name for your program.\n"
msgstr ""
"Sospecho que has utilizado el nombre `{module}.py` para tu programa\n"
"y que también querías importar un módulo con el mismo nombre\n"
"de la biblioteca estándar de Python.\n"
"Si es así, deberías usar un nombre diferente para tu programa.\n"

#: runtime_errors\attribute_error.py:42 runtime_errors\import_error.py:75
msgid "You have a circular import.\n"
msgstr "Tienes un import circular.\n"

#: runtime_errors\attribute_error.py:46 runtime_errors\attribute_error.py:89
msgid "You likely have a circular import.\n"
msgstr "Es probable que tengas un import circular.\n"

#: runtime_errors\attribute_error.py:47
msgid "Python indicated that the module `{module}` was not fully imported.\n"
msgstr ""
"Python indicó que el módulo `{module}` no fue importado completamente.\n"

#: runtime_errors\attribute_error.py:48 runtime_errors\attribute_error.py:90
msgid ""
"This can occur if, during the execution of the code in module `{module}`\n"
"an attempt is made to import the same module again.\n"
msgstr ""
"Esto puede ocurrir si, durante la ejecución del código del módulo `{module}"
"`\n"
"se intenta importar de nuevo el mismo módulo.\n"

#: runtime_errors\attribute_error.py:73
msgid ""
"This should not happen:\n"
"Python tells us that module `{module}` does not have an attribute named "
"`{attribute}`.\n"
"However, it does not appear that module `{module}` was imported.\n"
msgstr ""
"Esto no debería ocurrir:\n"
"Python nos dice que el módulo `{module}` no tiene un atributo llamado "
"`{attribute}`.\n"
"Sin embargo, no parece que el módulo `{module}` haya sido importado.\n"

#: runtime_errors\attribute_error.py:99 runtime_errors\attribute_error.py:107
#: runtime_errors\attribute_error.py:140 runtime_errors\attribute_error.py:394
#: runtime_errors\import_error.py:118 runtime_errors\key_error.py:194
#: runtime_errors\key_error.py:201 runtime_errors\module_not_found_error.py:129
#: runtime_errors\name_error.py:97 runtime_errors\name_error.py:99
#: runtime_errors\unbound_local_error.py:55
#: syntax_errors\message_analyzer.py:406 syntax_errors\message_analyzer.py:958
#: syntax_errors\statement_analyzer.py:1207
msgid "Did you mean `{name}`?\n"
msgstr "¿Quieres decir `{name}`?\n"

#: runtime_errors\attribute_error.py:100
msgid ""
"Perhaps you meant to write `{module}.{correct}` instead of `{module}.{typo}"
"`\n"
msgstr ""
"Quizás quisiste escribir `{module}.{correct}` en lugar de `{module}.{typo}`\n"

#: runtime_errors\attribute_error.py:108
msgid ""
"Instead of writing `{module}.{typo}`, perhaps you meant to write one of \n"
"the following names which are attributes of module `{module}`:\n"
"`{names}`\n"
msgstr ""
"En lugar de escribir `{module}.{typo}`, quizás quisiste escribir uno de los\n"
"siguientes nombres que son atributos del módulo `{module}`:\n"
"`{names}`\n"

#: runtime_errors\attribute_error.py:119
msgid ""
"You imported a module named `{module}` from `{mod_path}`.\n"
"There is also a module named `{module}` in Python's standard library.\n"
"Perhaps you need to rename your module.\n"
msgstr ""
"Importaste un modulo llamado`{module}` desde `{mod_path}`.\n"
"Pero también existe un modulo llamado `{module}` en la librería estándar de "
"Python.\n"
"Quizás debas cambiar el nombre de tu módulo.\n"

#: runtime_errors\attribute_error.py:141
msgid ""
"Perhaps you meant to use the attribute `{attribute}` of \n"
"module `{mod_name}` instead of module `{module}`.\n"
msgstr ""
"Quizás quisiste utilizar el atributo `{attribute}` del \n"
"modulo `{mod_name}` en lugar del módulo `{module}`.\n"

#: runtime_errors\attribute_error.py:147
msgid "Did you mean one of the following modules: `{names}`?"
msgstr "¿Querías utilizar uno de los módulos: `{names}`?"

#: runtime_errors\attribute_error.py:150
msgid ""
"Instead of the module `{module}`, perhaps you wanted to use\n"
"the attribute `{attribute}` of one of the following modules:\n"
"`{names}`.\n"
msgstr ""
"En lugar del modulo `{module}`, quizás querías usar el\n"
"atributo `{attribute}` de uno de los siguientes módulos:\n"
"`{names}.\n"

#: runtime_errors\attribute_error.py:159
msgid ""
"Python tells us that no object with name `{attribute}` is\n"
"found in module `{module}`.\n"
msgstr ""
"Python nos indica que no se encuentra ningún objeto con nombre `{attribute}` "
"en\n"
"el módulo  `{module}`.\n"

#: runtime_errors\attribute_error.py:190
msgid ""
"You are attempting to access the attribute `{attr}`\n"
"for a variable whose value is `None`."
msgstr ""
"Está intentando acceder al atributo `{attr}`\n"
"de una variable cuyo valor es `None`."

#: runtime_errors\attribute_error.py:211
msgid ""
"The value of attribute `{attribute}` of objects of type `{obj_type}`\n"
"cannot be changed.\n"
"I have no further information.\n"
msgstr ""
"El valor del atributo `{attribute}` en el objeto de tipo `{obj_type}`\n"
"no puede ser cambiado.\n"
"No tengo más información.\n"

#: runtime_errors\attribute_error.py:230
msgid ""
"Object `{name}` uses an empty `__slots__` to prevent the modification\n"
"of any of its attributes.\n"
msgstr ""
"El objeto `{name}` utiliza un `__slots__` vacío para prevenir la "
"modificación\n"
"de cualquiera de sus atributos.\n"

#: runtime_errors\attribute_error.py:236
msgid ""
"Object `{name}` uses `__slots__` to specify which attributes can\n"
"be changed. The value of attribute `{name}.{attribute}` cannot be changed.\n"
msgstr ""
"El objeto `{name}` utiliza `__slots__` para indicar que atributos pueden\n"
"cambiar. Puntualmente, el valor del atributo `{name}.{attribute}` no puede "
"ser cambiado.\n"

#: runtime_errors\attribute_error.py:261
msgid ""
"`{obj_name}` is a function. Perhaps you meant to write\n"
"`{obj_name}({attribute})`\n"
msgstr ""
"`{obj_name}` es una función. Quizás quisiste escribir\n"
"`{obj_name}({attribute})`\n"

#: runtime_errors\attribute_error.py:265
msgid "Did you mean `{obj_name}({attribute})`?\n"
msgstr "¿Querías decir `{obj_name}({attribute})`?\n"

#: runtime_errors\attribute_error.py:270
msgid ""
"`{obj_name}` is a Python built-in function or method\n"
"which does not have an attribute named `{attribute}.`\n"
msgstr ""
"`{obj_name}` es una función o método integrado de Python\n"
"el cual no posee un atributo llamado `{attribute}.`\n"

#: runtime_errors\attribute_error.py:289
msgid ""
"An object of type `{obj_type}` has no attribute named `{attr}`.\n"
"Unfortunately I cannot find such an object on the line where\n"
"the problem occurs.\n"
msgstr ""
"Un objeto de tipo `{obj_type}` no tiene ningún atributo llamado `{attr}`.\n"
"Lamentablemente, no puedo encontrar un objeto de este tipo en la línea\n"
"en la que el problema fue encontrado.\n"

#: runtime_errors\attribute_error.py:317
msgid ""
"An object of type `{obj_type}` has no attribute named `{attr}`.\n"
"\n"
"I cannot give additional information:\n"
"I found one object of this type in the current scope\n"
"but it does not appear to be the object causing the problem.\n"
msgstr ""
"Un objeto de tipo `{obj_type}` no tiene ningún atributo llamado `{attr}`.\n"
"\n"
"No puedo dar información adicional:\n"
"He encontrado un objeto de este tipo en el ámbito actual\n"
"pero no parece ser el objeto que causa el problema.\n"

#: runtime_errors\attribute_error.py:326
msgid ""
"An object of type `{obj_type}` has no attribute named `{attr}`.\n"
"\n"
"The following objects might be the cause of the problem: \n"
"{names}.\n"
msgstr ""
"Un objeto de tipo `{obj_type}` no tiene ningún atributo llamado `{attr}`.\n"
"\n"
"Los siguientes objetos pueden ser la causa del problema: \n"
"{names}.\n"

#: runtime_errors\attribute_error.py:366
msgid "The object `{obj}` has no attribute named `{attr}`.\n"
msgstr "Un objeto de tipo `{obj}` no tiene ningún atributo llamado `{attr}`.\n"

#: runtime_errors\attribute_error.py:370
msgid ""
"Note that object `{obj}` uses `__slots__` which prevents\n"
"the creation of new attributes.\n"
msgstr ""
"Tenga en cuenta que el objeto `{obj}` utiliza `__slots__`\n"
"que impide la creación de nuevos atributos.\n"

#: runtime_errors\attribute_error.py:378
msgid ""
"The following are some of its known attributes:\n"
"`{names}`."
msgstr ""
"A continuación se detallan algunos de sus atributos conocidos:\n"
"`{names}`."

#: runtime_errors\attribute_error.py:390
msgid "The object `{obj_name}` has no attribute named `{attribute}`.\n"
msgstr ""
"El objeto `{obj_name}` no tiene ningún atributo llamado `{attribute}`.\n"

#: runtime_errors\attribute_error.py:395
msgid ""
"Perhaps you meant to write `{obj}.{correct}` instead of `{obj}.{typo}`\n"
msgstr "Tal vez quiso escribir `{obj}.{correct}` en lugar de `{obj}.{typo}`\n"

#: runtime_errors\attribute_error.py:401 runtime_errors\import_error.py:125
msgid "Did you mean one of the following: `{names}`?\n"
msgstr "¿Te refieres a uno de los siguientes: `{names}`?\n"

#: runtime_errors\attribute_error.py:402
msgid ""
"Instead of writing `{obj}.{typo}`, perhaps you meant to write one of \n"
"the following names which are attributes of object `{obj}`:\n"
"`{names}`\n"
msgstr ""
"En lugar de escribir `{obj}.{typo}`, tal vez quiso escribir uno de \n"
"los siguientes nombres que son atributos del objeto `{obj}`:\n"
"`{names}`\n"

#: runtime_errors\attribute_error.py:427 syntax_errors\message_analyzer.py:1553
#: syntax_errors\message_analyzer.py:1566
msgid "Did you write a comma by mistake?\n"
msgstr "¿Escribiste una coma por error?\n"

#: runtime_errors\attribute_error.py:428
msgid ""
"`{obj_name}` is a tuple that contains a single item\n"
"which does have `'{attribute}'` as an attribute.\n"
"Perhaps you added a trailing comma by mistake at the end of the line\n"
"where you defined `{obj_name}`.\n"
msgstr ""
"`{obj_name}` es una tupla que contiene un único elemento\n"
"que tiene `{attribute}` como atributo.\n"
"Tal vez haya añadido por error una coma al final de la línea\n"
"donde definiste `{obj_name}`.\n"

#: runtime_errors\attribute_error.py:441
msgid "Did you mean `{str_content}.join({obj_name})`?\n"
msgstr "¿Te refieres a `{str_content}.join({obj_name})`?\n"

#: runtime_errors\attribute_error.py:442
msgid ""
"The object `{obj_name}` has no attribute named `join`.\n"
"Perhaps you wanted something like `{str_content}.join({obj_name})`.\n"
msgstr ""
"El objeto `{obj_name}` no tiene un atributo llamado `join`.\n"
"Tal vez querías algo como `{str_content}.join({obj_name})`.\n"

#: runtime_errors\attribute_error.py:465
msgid "Did you mean `{known_builtin}({obj_name})`?\n"
msgstr "¿Te refieres a `{known_builtin}({obj_name})`?\n"

#: runtime_errors\attribute_error.py:468
msgid ""
"The object `{obj_name}` has no attribute named `{attribute}`.\n"
"Perhaps you can use the Python builtin function `{known_builtin}` instead:\n"
"`{known_builtin}({obj_name})`."
msgstr ""
"El objeto `{obj_name}` no tiene ningún atributo llamado `{attribute}`.\n"
"Tal vez pueda utilizar la función incorporada de Python `{known_builtin}` en "
"su lugar:\n"
"`{known_builtin}({obj_name})`."

#: runtime_errors\attribute_error.py:498
msgid "Did you mean `{attr}`?\n"
msgstr "¿Quieres decir `{attr}`?\n"

#: runtime_errors\attribute_error.py:499
msgid "The object `{name}` has no attribute named `{attribute}`.\n"
msgstr "El objeto `{name}` no tiene ningún atributo llamado `{attribute}`.\n"

#: runtime_errors\attribute_error.py:503
msgid "However, `{attr}` is an attribute of `{name}` with a similar meaning.\n"
msgstr ""
"Sin embargo, `{attr}` es un atributo de `{name}` con un significado "
"similar.\n"

#: runtime_errors\attribute_error.py:507
msgid ""
"However, `{name}` has the following attributes with similar meanings:\n"
"`{attributes}`.\n"
msgstr ""
"Sin embargo, `{name}` tiene los siguientes atributos con significados "
"similares:\n"
"`{attributes}`.\n"

#: runtime_errors\attribute_error.py:516
msgid "Did you mean to separate object names by a comma?\n"
msgstr "¿Te refieres a separar los nombres de los objetos con una coma?\n"

#: runtime_errors\attribute_error.py:518
msgid ""
"`{second}` is not an attribute of `{first}`.\n"
"However, both `{first}` and `{second}` are known objects.\n"
"Perhaps you wrote a period to separate these two objects, \n"
"instead of using a comma.\n"
msgstr ""
"`{second}` no es un atributo de `{first}`.\n"
"Sin embargo, tanto `{first}` como `{second}` son objetos conocidos.\n"
"Tal vez utilizaste un punto para separar estos dos objetos \n"
"en lugar de usar una coma.\n"

#: runtime_errors\file_not_found_error.py:25
#: runtime_errors\file_not_found_error.py:39
msgid ""
"In your program, the name of the\n"
"file that cannot be found is `{filename}`.\n"
msgstr ""
"En su programa, el nombre del archivo\n"
"que no se puede encontrar es `{filename}`.\n"

#: runtime_errors\file_not_found_error.py:33
msgid ""
"{directory}\n"
"is not a valid directory.\n"
msgstr ""
"{directory}\n"
"no es un directorio valido.\n"

#: runtime_errors\file_not_found_error.py:44
msgid ""
"It was expected to be found in the\n"
"`{directory}` directory.\n"
msgstr ""
"Se esperaba encontrarlo en el directorio\n"
"directorio `{directory}`.\n"

#: runtime_errors\file_not_found_error.py:48
msgid "Did you mean `{similar}`?\n"
msgstr "¿Quieres decir `{similar}`?\n"

#: runtime_errors\file_not_found_error.py:50
msgid "The file `{similar}` has a similar name.\n"
msgstr "El archivo `{similar}` tiene un nombre similar.\n"

#: runtime_errors\file_not_found_error.py:55
msgid "Perhaps you meant one of the following files with similar names:\n"
msgstr ""
"Tal vez se refiera a uno de los siguientes archivos con nombres similares:\n"

#: runtime_errors\file_not_found_error.py:62 runtime_errors\name_error.py:119
msgid "I have no additional information for you.\n"
msgstr "No tengo información adicional para usted.\n"

#: runtime_errors\import_error.py:78
msgid ""
"The object that could not be imported is `{name}`.\n"
"The module or package where it was \n"
"expected to be found is `{module}`.\n"
msgstr ""
"El objeto que no se ha podido importar es `{name}`.\n"
"El módulo o paquete donde se esperaba encontrar \n"
"se esperaba encontrar es `{module}`.\n"

#: runtime_errors\import_error.py:95
msgid ""
"Python indicated that you have a circular import.\n"
"This can occur if executing the code in module 'A'\n"
"results in executing the code in module 'B' where\n"
"an attempt to import a name from module 'A' is made\n"
"before the execution of the code in module 'A' had been completed.\n"
msgstr ""
"Python ha indicado que tienes una importación circular.\n"
"Esto puede ocurrir si al ejecutar el código en el módulo 'A'\n"
"resulta en la ejecución del código en el módulo 'B' donde\n"
"un intento de importar un nombre del módulo 'A' se hace\n"
"antes de que la ejecución del código en el módulo 'A' haya finalizado.\n"

#: runtime_errors\import_error.py:107
msgid ""
"Inconsistent state: `'{module}'` was apparently not imported.\n"
"As a result, no further analysis can be done.\n"
msgstr ""
"Estado inconsistente: `'{module}'` aparentemente no fue importado.\n"
"Como resultado, no se puede realizar ningún otro análisis.\n"

#: runtime_errors\import_error.py:119
msgid ""
"Perhaps you meant to import `{correct}` (from `{module}`) instead of `{typo}"
"`\n"
msgstr ""
"Tal vez quiso importar `{correct}` (de `{module}`) en lugar de `{typo}`\n"

#: runtime_errors\import_error.py:128
msgid ""
"Instead of trying to import `{typo}` from `{module}`, \n"
"perhaps you meant to import one of \n"
"the following names which are found in module `{module}`:\n"
"`{candidates}`\n"
msgstr ""
"En lugar de intentar importar `{typo}` de `{module}`, \n"
"tal vez lo que querías era importar uno de \n"
"los siguientes nombres que se encuentran en el módulo `{module}`:\n"
"`{candidates}`\n"

#: runtime_errors\import_error.py:146
msgid "The object that could not be imported is `{name}`.\n"
msgstr "El objeto que no se ha podido importar es `{name}`.\n"

#: runtime_errors\import_error.py:198
msgid ""
"The problem was likely caused by what is known as a 'circular import'.\n"
"First, Python imported and started executing the code in file\n"
"   '{file}'.\n"
"which imports module `{last_module}`.\n"
"During this process, the code in another file,\n"
"   '{last_file}'\n"
"was executed. However in this last file, an attempt was made\n"
"to import the original module `{last_module}`\n"
"a second time, before Python had completed the first import.\n"
msgstr ""
"El problema fue probablemente causado por lo que se conoce como una "
"'importación circular'.\n"
"Primero, Python importó y comenzó a ejecutar el código en el archivo\n"
"   '{file}'.\n"
"que importa al módulo `{last_module}`.\n"
"Durante este proceso, el código en el otro archivo\n"
"   '{last_file}'\n"
"fue ejecutado. Sin embargo, en este último archivo, se intentó\n"
"de importar el módulo original `{last_module}`\n"
"por segunda vez, antes de que Python hubiera completado la primera "
"importación.\n"

#: runtime_errors\index_error.py:36
msgid ""
"You have tried to assign a value to an item of an object\n"
"of type `{obj_type}` which I cannot identify.\n"
"The index you gave was not an allowed value.\n"
msgstr ""
"Ha intentado asignar un valor a un elemento de un objeto\n"
"de tipo `{obj_type}` que no puedo identificar.\n"
"El índice que has dado no es un valor permitido.\n"

#: runtime_errors\index_error.py:46
msgid ""
"You have tried to assign a value to index `{index}` of `{name}`,\n"
"{obj_type} of length `{length}`.\n"
msgstr ""
"Ha intentado asignar un valor al índice `{index}` de `{name}`,\n"
"{obj_type} de longitud `{length}`.\n"

#: runtime_errors\index_error.py:57 runtime_errors\index_error.py:142
msgid ""
"The valid index values of `{name}` are integers ranging from\n"
"`{min}` to `{max}`.\n"
msgstr ""
"Los valores de índice válidos de `{name}` son números enteros que van desde\n"
"`{min}` a `{max}`.\n"

#: runtime_errors\index_error.py:62 runtime_errors\index_error.py:147
msgid ""
"Remember: the first item of {obj_type} is not at index 1 but at index 0.\n"
msgstr ""
"Recuerda: el primer elemento de {obj_type} no está en la posición 1 sino en "
"la número 0.\n"

#: runtime_errors\index_error.py:67 runtime_errors\index_error.py:152
msgid "`{name}` contains no item.\n"
msgstr "{name}`no contiene items.\n"

#: runtime_errors\index_error.py:68
msgid ""
"You have tried to assign a value to index `{index}` of `{name}`,\n"
"{obj_type} which contains no item.\n"
msgstr ""
"Ha intentado asignar un valor al índice `{index}` de `{name}`,\n"
"{obj_type} que no contiene ningún elemento.\n"

#: runtime_errors\index_error.py:95
msgid ""
"You have tried to get an item of an object\n"
"of type `{obj_type}` which I cannot identify.\n"
"The index you gave was not an allowed value.\n"
msgstr ""
"Ha intentado obtener un elemento de un objeto\n"
"de tipo `{obj_type}` que no puedo identificar.\n"
"El índice que has dado no es un valor permitido.\n"

#: runtime_errors\index_error.py:122
msgid ""
"You have tried to get an item from `{name}`,\n"
"{obj_type} of length `{length}`, by using a value for the index\n"
"that I cannot determine but which is not allowed.\n"
msgstr ""
"Ha intentado obtener un elemento de `{name}`,\n"
"{obj_type} de longitud `{length}`, utilizando un valor para el índice\n"
"que no puedo determinar pero que no está permitido.\n"

#: runtime_errors\index_error.py:131
msgid ""
"You have tried to get the item with index `{index}` of `{name}`,\n"
"{obj_type} of length `{length}`.\n"
msgstr ""
"Ha intentado obtener el elemento con índice `{index}` de `{name}`,\n"
"{obj_type} de longitud `{length}`.\n"

#: runtime_errors\index_error.py:153
msgid ""
"You have tried to get the item with index `{index}` of `{name}`,\n"
"{obj_type} which contains no item.\n"
msgstr ""
"Ha intentado obtener el elemento con índice `{index}` de `{name}`,\n"
"{obj_type} que no contiene ningún elemento.\n"

#: runtime_errors\key_error.py:25
msgid ""
"You tried to retrieve an item from an empty `dict`\n"
"or a similar object which I cannot identify.\n"
msgstr ""
"Has intentado recuperar un elemento de un `dict` vacío\n"
"o un objeto similar que no he podido identificar.\n"

#: runtime_errors\key_error.py:31
msgid "`{name}` is an empty `dict`.\n"
msgstr "`{name}` es un `dict` vacío.\n"

#: runtime_errors\key_error.py:32
msgid "You tried to retrieve an item from `{name}` which is an empty `dict`.\n"
msgstr ""
"Has intentado recuperar un elemento de {name}` que es un `dict` vacío.\n"

#: runtime_errors\key_error.py:54
msgid ""
"You tried to retrieve an item from an empty ChainMap\n"
"or similar object which I cannot identify.\n"
msgstr ""
"Ha intentado recuperar un elemento de un ChainMap vacío\n"
"o un objeto similar que no puedo identificar.\n"

#: runtime_errors\key_error.py:60
msgid "`{name}` is an empty `ChainMap`.\n"
msgstr "`{name}` es un `ChainMap` vacío.\n"

#: runtime_errors\key_error.py:61
msgid ""
"You tried to retrieve an item from `{name}` which is an empty `ChainMap`.\n"
msgstr ""
"Has intentado recuperar un elemento de `{name}` que es un `ChainMap` vacío.\n"

#: runtime_errors\key_error.py:103
msgid "Missing key `{key}` in a `ChainMap` or in a similar object.\n"
msgstr "Falta la clave `{key}` en un `ChainMap` o en un objeto similar.\n"

#: runtime_errors\key_error.py:147
msgid ""
"A `dict` or a similar object which I cannot identify\n"
"does not have `{key}` as a key.\n"
msgstr ""
"Un `dict` o un objeto similar que no puedo identificar\n"
"no tiene `{key}` como clave.\n"

#: runtime_errors\key_error.py:154
msgid "The key `{key}` cannot be found in the dict `{name}`.\n"
msgstr "La clave `{key}` no se encuentra en el dict `{name}`.\n"

#: runtime_errors\key_error.py:159
msgid ""
"The key `{key}` cannot be found in `{name}`, an object of type `{obj_type}"
"`.\n"
msgstr ""
"La clave `{key}` no se encuentra en `{name}`, un objeto de tipo `{obj_type}"
"`.\n"

#: runtime_errors\key_error.py:169
msgid ""
"`{name}` contains a string key which is identical to `str({key})`.\n"
"Perhaps you forgot to convert the key into a string.\n"
msgstr ""
"`{name}` contiene una clave de cadena que es idéntica a `str({key})`.\n"
"Tal vez te olvidaste de convertir la clave en una cadena.\n"

#: runtime_errors\key_error.py:173
msgid "Did you forget to convert `{key}` into a string?\n"
msgstr "¿Olvidaste convertir `{key}` en una cadena?\n"

#: runtime_errors\key_error.py:182
msgid ""
"`{key}` is a string.\n"
"There is a key of `{name}` whose string representation\n"
"is identical to `{key}`.\n"
msgstr ""
"`{key}` es una cadena.\n"
"Existe una clave de `{name}` cuya representación en cadena\n"
"es idéntica a `{key}`.\n"

#: runtime_errors\key_error.py:187
msgid "Did you convert `{key}` into a string by mistake?\n"
msgstr "¿Has convertido `{key}` en una cadena por error?\n"

#: runtime_errors\key_error.py:195
msgid "`{name}` is a key of `{dict_}` which is similar to `{key}`.\n"
msgstr "`{name}` es una clave de `{dict_}` que es similar a `{key}`.\n"

#: runtime_errors\key_error.py:203
msgid ""
"`{name}` has some keys similar to `{key}` including:\n"
"`{names}`.\n"
msgstr ""
"`{name}` tiene algunas claves similares a `{key}` incluyendo:\n"
"`{names}`.\n"

#: runtime_errors\module_not_found_error.py:38
msgid ""
"No additional information available since `{name}` cannot be imported.\n"
msgstr ""
"No hay información adicional disponible ya que `{name}` no se puede "
"importar.\n"

#: runtime_errors\module_not_found_error.py:49
msgid "Did you mean `from {name} import {rest}`?\n"
msgstr "¿Quieres decir `from {name} import {rest}`?\n"

#: runtime_errors\module_not_found_error.py:52
msgid ""
"`{rest}` is not a separate module but an object that is part of `{name}`.\n"
msgstr ""
"`{rest}` no es un módulo independiente, sino un objeto que forma parte de "
"`{name}`.\n"

#: runtime_errors\module_not_found_error.py:62
msgid "Did you mean `import {name}.{attr}`?\n"
msgstr "¿Quieres decir `import {name}.{attr}`?\n"

#: runtime_errors\module_not_found_error.py:65
msgid ""
"Perhaps you meant `import {name}.{attr}`.\n"
"`{attr}` is a name similar to `{rest}` and is a module that\n"
"can be imported from `{name}`.\n"
msgstr ""
"Tal vez se refiera a `importar {name}.{attr}`.\n"
"`{attr}` es un nombre similar a `{rest}` y es un módulo que\n"
"puede ser importado desde `{name}`.\n"

#: runtime_errors\module_not_found_error.py:73
msgid "Did you mean `from {name} import {attr}`?\n"
msgstr "¿Quieres decir `from {name} import {attr}`?\n"

#: runtime_errors\module_not_found_error.py:76
msgid ""
"Perhaps you meant `from {name} import {attr}`.\n"
"`{attr}` is a name similar to `{rest}` and is an object that\n"
"can be imported from `{name}`.\n"
msgstr ""
"Tal vez quieras decir `from {name} import {attr}`.\n"
"`{attr}` es un nombre similar a `{rest}` y es un objeto que\n"
"puede ser importado desde `{name}`.\n"

#: runtime_errors\module_not_found_error.py:83
msgid ""
"Other objects with similar names that are part of\n"
" `{name}` include `{others}`.\n"
msgstr ""
"Otros objetos con nombres similares que forman parte de\n"
"`{name}` incluyen a `{others}`.\n"

#: runtime_errors\module_not_found_error.py:89
msgid "`{rest}` cannot be imported from `{name}`.\n"
msgstr "`{rest}` no puede ser importado desde `{name}`.\n"

#: runtime_errors\module_not_found_error.py:100
msgid "The curses module is rarely installed with Python on Windows.\n"
msgstr "El módulo curses rara vez se instala con Python en Windows.\n"

#: runtime_errors\module_not_found_error.py:102
msgid "The curses module is often not installed with Python.\n"
msgstr "El módulo curses no suele instalarse con Python.\n"

#: runtime_errors\module_not_found_error.py:103
msgid "You have tried to import the curses module.\n"
msgstr "Ha intentado importar el módulo curses.\n"

#: runtime_errors\module_not_found_error.py:122
msgid ""
"No module named `{name}` can be imported.\n"
"Perhaps you need to install it.\n"
msgstr ""
"No se puede importar el módulo llamado `{name}`.\n"
"Tal vez sea necesario instalarlo.\n"

#: runtime_errors\module_not_found_error.py:131
msgid ""
"The following existing modules have names that are similar \n"
"to the module you tried to import: `{names}`\n"
msgstr ""
"Los siguientes módulos existentes tienen nombres similares \n"
"al módulo que ha intentado importar: `{names}`\n"

#: runtime_errors\module_not_found_error.py:136
msgid "`{name}` is an existing module that has a similar name.\n"
msgstr "`{name}` es un módulo existente que tiene un nombre similar.\n"

#: runtime_errors\name_error.py:18
msgid "You are already using Python!"
msgstr "¡Ya estás usando Python!"

#: runtime_errors\name_error.py:33
msgid ""
"`{name}` is a name found in module `{mod}`.\n"
"Perhaps you forgot to write\n"
"\n"
"    from {mod} import {name}\n"
msgstr ""

#: runtime_errors\name_error.py:37
msgid ""
"`{name}` is a name found in the following modules from the standard "
"library:\n"
"{modules}.\n"
"Perhaps you forgot to import `{name}` from one of these modules.\n"
msgstr ""

#: runtime_errors\name_error.py:62
msgid ""
"In your program, `{var_name}` is an unknown name\n"
"that exists in an enclosing scope,\n"
"but has not yet been assigned a value.\n"
msgstr ""
"En tu programa, `{var_name}` es un nombre desconocido\n"
"que existe en un ámbito de aplicación\n"
"pero aún no se le ha asignado un valor.\n"

#: runtime_errors\name_error.py:84 runtime_errors\name_error.py:135
msgid "In your program, no object with the name `{var_name}` exists.\n"
msgstr "En su programa, no existe ningún objeto con el nombre `{var_name}`.\n"

#: runtime_errors\name_error.py:101
msgid "Did you use a colon instead of an equal sign?\n"
msgstr "¿Ha utilizado dos puntos en lugar del signo de igualdad?\n"

#: runtime_errors\name_error.py:134
msgid "Did you mean `1j`?\n"
msgstr "¿Quieres decir `1j`?\n"

#: runtime_errors\name_error.py:138
msgid ""
"However, sometimes `{name}` is intended to represent\n"
"the square root of `-1` which is written as `1j` in Python.\n"
msgstr ""
"Sin embargo, a veces `{name}` pretende representar\n"
"la raíz cuadrada de `-1` que se escribe como `1j` en Python.\n"

#: runtime_errors\name_error.py:153
msgid "`__debug__` is a constant.\n"
msgstr "`__debug__` es una constante.\n"

#: runtime_errors\name_error.py:154
msgid ""
"`__debug__` is a constant that cannot be deleted.\n"
"In future Python versions, attempting to delete it will be a SyntaxError.\n"
msgstr ""
"`__debug__` es una constante que no puede ser borrada.\n"
"En futuras versiones de Python, los intentos de borrarla elevaran un "
"`SyntaxError`.\n"

#: runtime_errors\name_error.py:162
msgid "You must be a fan of PyConAu!\n"
msgstr "¡Debes ser un fan de la PyConAu!\n"

#: runtime_errors\name_error.py:163
msgid ""
"I am guessing that you tried to use (one of) the flipfloperators\n"
"shown during the second Lightning Talk session of PyConAu 2018,\n"
"but that you forgot to install the module from PyPI.\n"
"\n"
"#### Note that it is still a bad idea.\n"
msgstr ""
"Supongo que has intentado utilizar (uno de) los flipfloperators\n"
"mostrado durante la segunda sesión de Lightning Talk de PyConAu 2018,\n"
"pero que olvidaste instalar el módulo desde PyPI.\n"
"\n"
"#### Ten en cuenta que sigue siendo una mala idea.\n"

#: runtime_errors\name_error.py:178
msgid "Did you forget to import `{name}`?\n"
msgstr "¿Olvidaste importar `{name}`?\n"

#: runtime_errors\name_error.py:181
msgid ""
"The name `{name}` is not defined in your program.\n"
"Perhaps you forgot to import `{lowercase}` which is found\n"
"in Python's standard library.\n"
msgstr ""
"El nombre `{name}` no está definido en su programa.\n"
"Tal vez se olvidó de importar `{lowercase}` que se encuentra\n"
"en la biblioteca estándar de Python.\n"

#: runtime_errors\name_error.py:190
msgid "Note that the name of the module is `{lowercase}` and not `{name}`.\n"
msgstr ""
"Tenga en cuenta que el nombre del módulo es `{lowercase}` y no `{name}`.\n"

#: runtime_errors\name_error.py:208
msgid "The similar name `{name}` was found in the local scope.\n"
msgstr "Se ha encontrado el nombre similar `{name}` en el ámbito local.\n"

#: runtime_errors\name_error.py:209
msgid "The similar name `{name}` was found in the global scope.\n"
msgstr "Se ha encontrado el nombre similar `{name}` en el ámbito global.\n"

#: runtime_errors\name_error.py:210
msgid "The Python builtin `{name}` has a similar name.\n"
msgstr "El builtin de Python `{name}` tiene un nombre similar.\n"

#: runtime_errors\name_error.py:219 runtime_errors\unbound_local_error.py:125
msgid "Instead of writing `{name}`, perhaps you meant one of the following:\n"
msgstr ""
"En lugar de escribir `{name}`, tal vez quiso decir uno de los siguientes:\n"

#: runtime_errors\name_error.py:224 runtime_errors\unbound_local_error.py:129
msgid "*   Local scope: "
msgstr "*   alcance local: "

#: runtime_errors\name_error.py:225
msgid "*   Global scope: "
msgstr "*   alcance global: "

#: runtime_errors\name_error.py:226
msgid "*   Python builtins: "
msgstr "*   integrados de Python: "

#: runtime_errors\name_error.py:288
msgid "Did you write `self` at the wrong place?\n"
msgstr "¿Escribiste `self` en el lugar equivocado?\n"

#: runtime_errors\name_error.py:289
msgid ""
"The {scope} object `{obj}`\n"
"has an attribute named `{unknown_name}`.\n"
"Perhaps you should have written `self.{unknown_name}(...`\n"
"instead of `{unknown_name}(self, ...`.\n"
msgstr ""
"El objeto {scope} `{obj}`\n"
"tiene un atributo llamado `{unknown_name}`.\n"
"Quizás deberías haber escrito `self.{unknown_name}(...`\n"
"en lugar de `{unknown_name}(self, ...`.\n"

#: runtime_errors\name_error.py:296
msgid "Did you forget to add `self.`?\n"
msgstr "¿Has olvidado añadir `self.`?\n"

#: runtime_errors\name_error.py:297
msgid ""
"A {scope} object, `{obj}`,\n"
"has an attribute named `{unknown_name}`.\n"
"Perhaps you should have written `self.{unknown_name}`\n"
"instead of `{unknown_name}`.\n"
msgstr ""
"Un objeto de {scope}, `{obj}`,\n"
"tiene un atributo llamado `{unknown_name}`.\n"
"Tal vez deberías haber escrito `self.{unknown_name}`\n"
"en lugar de `{unknown_name}`.\n"

#: runtime_errors\name_error.py:304
msgid "Did you forget to add `{name}.`?\n"
msgstr "¿Has olvidado añadir `{name}.`?\n"

#: runtime_errors\name_error.py:305
msgid ""
"The {scope} object `{name}`\n"
"has an attribute named `{unknown_name}`.\n"
"Perhaps you should have written `{name}.{unknown_name}`\n"
"instead of `{unknown_name}`.\n"
msgstr ""
"El objeto {scope} `{name}`\n"
"tiene un atributo llamado `{unknown_name}`.\n"
"Quizás deberías haber escrito `{name}.{unknown_name}`\n"
"en lugar de `{unknown_name}`.\n"

#: runtime_errors\os_error.py:23
msgid ""
"I suspect that you are trying to connect to a server and\n"
"that a connection cannot be made.\n"
"\n"
"If that is the case, check for typos in the URL\n"
"and check your internet connectivity.\n"
msgstr ""
"Sospecho que está intentando conectarse a un servidor y\n"
"que no se puede realizar la conexión.\n"
"\n"
"Si ese es el caso, verifique que la URL sea correcta\n"
"y compruebe su conectividad a Internet.\n"

#: runtime_errors\os_error.py:42 syntax_errors\message_analyzer.py:1643
msgid "Perhaps you need to double the backslash characters.\n"
msgstr "Tal vez sea necesario duplicar las barras invertidas.\n"

#: runtime_errors\os_error.py:43
msgid ""
"I suspect that you wrote a filename or path that contains\n"
"at least one backslash character, `\\`.\n"
"Python likely interpreted this as indicating the beginning of\n"
"what is known as an escape sequence.\n"
"To solve the problem, either write a so-called 'raw string'\n"
"by adding the letter `r` as a prefix in\n"
"front of the filename or path, or replace all single backslash\n"
"characters, `\\`, by double ones: `\\\\`.\n"
msgstr ""
"Sospecho que ha escrito un nombre de archivo o ruta que contiene\n"
"por lo menos un carácter de barra invertida, `\\`.\n"
"Python probablemente interpretó esto como el comienzo de\n"
"lo que se conoce como una secuencia de escape.\n"
"Para resolver el problema, escriba la llamada 'cadena cruda'\n"
"añadiendo la letra `r` como prefijo delante\n"
"delante del nombre del archivo o de la ruta, o reemplazar todas las barras "
"invertidas\n"
"simples, \"barra invertida\", por otras dobles: `\\\\`.\n"

#: runtime_errors\type_error.py:53
msgid "Did you forget to convert the string `{name}` into {number_type}?\n"
msgstr "¿Has olvidado convertir el string `{name}` al tipo {number_type}?\n"

#: runtime_errors\type_error.py:58
msgid "Perhaps you forgot to convert the string `{name}` into {number_type}.\n"
msgstr "Tal vez haya olvidado convertir la cadena `{name}` en {number_type}.\n"

#: runtime_errors\type_error.py:70
msgid "The second argument of the function `getattr()` must be a string.\n"
msgstr ""

#: runtime_errors\type_error.py:80
msgid "The second argument of the function `hasattr()` must be a string.\n"
msgstr ""

#: runtime_errors\type_error.py:99 runtime_errors\type_error.py:123
msgid ""
"You tried to concatenate (add) two different types of objects:\n"
"{first} and {second}.\n"
msgstr ""
"Has intentado concatenar (sumar) dos tipos de objetos diferentes:\n"
"`{first}` y `{second}`.\n"

#: runtime_errors\type_error.py:154
msgid ""
"You tried to add two incompatible types of objects:\n"
"{first} and {second}.\n"
msgstr ""
"Has intentado añadir dos tipos de objetos incompatibles:\n"
"`{first}` y `{second}`.\n"

#: runtime_errors\type_error.py:162
msgid ""
"You tried to subtract two incompatible types of objects:\n"
"{first} and {second}.\n"
msgstr ""
"Has intentado restar dos tipos de objetos incompatibles:\n"
"`{first}` y `{second}`.\n"

#: runtime_errors\type_error.py:170
msgid ""
"You tried to multiply two incompatible types of objects:\n"
"{first} and {second}.\n"
msgstr ""
"Has intentado multiplicar dos tipos de objetos incompatibles:\n"
"`{first}` y `{second}`.\n"

#: runtime_errors\type_error.py:178
msgid ""
"You tried to divide two incompatible types of objects:\n"
"{first} and {second}.\n"
msgstr ""
"Has intentado dividir dos tipos de objetos incompatibles:\n"
"`{first}` y `{second}`.\n"

#: runtime_errors\type_error.py:186
msgid ""
"You tried to perform the bitwise operation {operator}\n"
"on two incompatible types of objects:\n"
"{first} and {second}.\n"
msgstr ""
"Has intentado realizar la operación de bits {operator}\n"
"sobre dos tipos de objetos incompatibles:\n"
"`{first}` y `{second}`.\n"

#: runtime_errors\type_error.py:201 runtime_errors\type_error.py:760
#: runtime_errors\type_error.py:866 syntax_errors\statement_analyzer.py:1090
#: syntax_errors\statement_analyzer.py:1321
msgid "Did you mean `{line}`?\n"
msgstr "¿Quieres decir `{line}`?\n"

#: runtime_errors\type_error.py:202
msgid "Outside of Python, `^` is often used to indicate exponentiation.\n"
msgstr ""
"Fuera de Python, `^` se utiliza a menudo para indicar la exponenciación.\n"

#: runtime_errors\type_error.py:205 runtime_errors\type_error.py:763
msgid "Perhaps you meant `{line}`.\n"
msgstr "Tal vez quiso decir `{line}`.\n"

#: runtime_errors\type_error.py:208
msgid ""
"You tried to perform the bit shifting operation {operator}\n"
"on two incompatible types of objects:\n"
"{first} and {second}.\n"
msgstr ""
"Has intentado realizar la operación de desplazamiento de bits {operator}\n"
"sobre dos tipos de objetos incompatibles:\n"
"`{first}` y `{second}`.\n"

#: runtime_errors\type_error.py:218
msgid ""
"You tried to exponentiate (raise to a power)\n"
"using two incompatible types of objects:\n"
"{first} and {second}.\n"
msgstr ""
"Has intentado exponer (elevar a una potencia)\n"
"usando dos tipos de objetos incompatibles:\n"
"`{first}` y `{second}`.\n"

#: runtime_errors\type_error.py:227
msgid ""
"You tried to use the operator {operator}\n"
"using two incompatible types of objects:\n"
"{first} and {second}.\n"
"This operator is normally used only\n"
"for multiplication of matrices.\n"
msgstr ""
"Has intentado utilizar el operador {operator}\n"
"utilizando dos tipos de objetos incompatibles:\n"
"`{first}` y `{second}`.\n"
"Este operador se emplea normalmente sólo\n"
"para la multiplicación de matrices.\n"

#: runtime_errors\type_error.py:263
msgid "Complex numbers cannot be ordered.\n"
msgstr "Los números complejos no se pueden ordenar.\n"

#: runtime_errors\type_error.py:264
msgid ""
"You tried to do an order comparison ({operator})\n"
"between two complex numbers.\n"
msgstr ""
"Has intentado hacer una comparación de orden ({operator})\n"
"entre dos números complejos.\n"

#: runtime_errors\type_error.py:270
msgid ""
"You tried to do an order comparison ({operator})\n"
"between two incompatible types of objects:\n"
"{first} and {second}.\n"
msgstr ""
"Has intentado hacer una comparación de orden ({operator})\n"
"entre dos tipos de objetos incompatibles:\n"
"`{first}` y `{second}`.\n"

#: runtime_errors\type_error.py:319
msgid "Perhaps you meant to write `{operator}=` instead of `={operator}`"
msgstr "Tal vez quiso escribir `{operator}=` en lugar de `={operator}`"

#: runtime_errors\type_error.py:323
msgid ""
"You tried to use the unary operator '{operator}'\n"
"with the following type of object: {obj}.\n"
"This operation is not defined for this type of object.\n"
msgstr ""
"Has intentado utilizar el operador unario '{operator}'\n"
"con el siguiente tipo de objeto {obj}.\n"
"La operación no está definida para este tipo de objeto.\n"

#: runtime_errors\type_error.py:349
msgid ""
"In Python, some objects are known as immutable:\n"
"once defined, their value cannot be changed.\n"
"You tried change part of such an immutable object: {obj},\n"
"most likely by using an indexing operation.\n"
msgstr ""

#: runtime_errors\type_error.py:356
msgid "Did you mean to use a list?\n"
msgstr "¿Querías usar una lista?\n"

#: runtime_errors\type_error.py:357
msgid "Perhaps you meant to use a list instead.\n"
msgstr "Tal vez quisiste usar una lista en su lugar.\n"

#: runtime_errors\type_error.py:370
msgid "In Python 3, exceptions must be derived from BaseException.\n"
msgstr "En Python 3, las excepciones deben derivarse de `BaseException`.\n"

#: runtime_errors\type_error.py:406
msgid ""
"You apparently have called the function `{fn_name}` with\n"
"{nb_given} positional argument(s) while it requires {nb_required}\n"
"such positional argument(s).\n"
msgstr ""

#: runtime_errors\type_error.py:412
msgid "Perhaps you forgot `self` when defining `{fn_name}`.\n"
msgstr ""

#: runtime_errors\type_error.py:434
msgid ""
"You apparently have called the function '{fn_name}' with\n"
"fewer positional arguments than it requires ({nb_required} missing).\n"
msgstr ""

#: runtime_errors\type_error.py:452 runtime_errors\type_error.py:840
msgid ""
"\n"
"Note: `NoneType` means that the object has a value of `None`.\n"
msgstr ""

#: runtime_errors\type_error.py:459
msgid ""
"Python indicates that you have an object of type `{obj_type}`,\n"
"followed by something surrounded by parentheses, `(...)`,\n"
"which Python took as an indication of a function call.\n"
"Either the object of type `{obj_type}` was meant to be a function,\n"
"or you forgot a comma before `(...)`.\n"
msgstr ""

#: runtime_errors\type_error.py:481
msgid ""
"The parenthesis `()` following `{obj_name}` are interpreted\n"
"by Python as a function call for `{obj_name}`.\n"
"However, `{obj_name}` is not a function but an object of type `{obj_type}`.\n"
msgstr ""

#: runtime_errors\type_error.py:488
msgid ""
"Because of the surrounding parenthesis, `{fn_call}` \n"
"is interpreted by Python as indicating a function call for \n"
"`{obj_name}`, which is an object of type `{obj_type}`\n"
"which cannot be called.\n"
"\n"
msgstr ""

#: runtime_errors\type_error.py:501
msgid ""
"However, `{fn_call}` is a `tuple`.\n"
"Either the object `{obj_name}` was meant to be a function\n"
"or you have a missing comma between the object `{obj_name}`\n"
"and the tuple `{fn_call}` and meant to write\n"
"`{obj_name}, {fn_call}`.\n"
msgstr ""

#: runtime_errors\type_error.py:508
msgid "Did you forget a comma between `{obj_name}` and `{fn_call}`?\n"
msgstr ""

#: runtime_errors\type_error.py:514
msgid ""
"However, `{obj_name}` is a sequence.\n"
"Perhaps you meant to use `[]` instead of `()` and write\n"
"`{obj_name}[{slice}]`\n"
msgstr ""

#: runtime_errors\type_error.py:519
msgid "Did you mean `{obj_name}[{slice}]`?\n"
msgstr ""

#: runtime_errors\type_error.py:530
msgid ""
"However, both `{obj_name}` and `{fn_call}` are numbers.\n"
"Perhaps you forgot a multiplication operator, `*`,\n"
"and meant to write `{obj_name} * {fn_call}`\n"
"."
msgstr ""

#: runtime_errors\type_error.py:535
msgid "Did you mean `{obj_name} * {fn_call}`?\n"
msgstr ""

#: runtime_errors\type_error.py:547
msgid "Did you forget to convert `{name}` into an integer?\n"
msgstr ""

#: runtime_errors\type_error.py:548
msgid "Perhaps you forgot to convert `{name}` into an integer.\n"
msgstr ""

#: runtime_errors\type_error.py:561
msgid ""
"You can only multiply sequences, such as list, tuples,\n"
" strings, etc., by integers.\n"
msgstr ""

#: runtime_errors\type_error.py:583
msgid "Did you forget to convert `{name1}` and `{name2}` into integers?\n"
msgstr ""

#: runtime_errors\type_error.py:586
msgid "Perhaps you forgot to convert `{name1}` and `{name2}` into integers.\n"
msgstr ""

#: runtime_errors\type_error.py:621
msgid ""
"You wrote an object whose value is `None` where an integer was expected.\n"
msgstr ""

#: runtime_errors\type_error.py:631
msgid "You wrote an object of type `{obj}` where an integer was expected.\n"
msgstr ""

#: runtime_errors\type_error.py:641
msgid "Did you forget to convert `{names}` into integers?\n"
msgstr ""

#: runtime_errors\type_error.py:644
msgid "Perhaps you forgot to convert `{names}` into integers."
msgstr ""

#: runtime_errors\type_error.py:666
msgid ""
"In the expression `{line}`\n"
"what is included between the square brackets, `[...]`,\n"
"must be either an integer or a slice\n"
"(`start:stop` or `start:stop:step`) \n"
"and you have used {obj_type} instead.\n"
msgstr ""

#: runtime_errors\type_error.py:677
msgid ""
"Note: sometimes this exception is raised because what Python\n"
"interprets as indices was meant to be a separate list, and a comma\n"
"should have been written before the opening `[` of that list.\n"
msgstr ""

#: runtime_errors\type_error.py:682 syntax_errors\statement_analyzer.py:1004
#: syntax_errors\statement_analyzer.py:1317
msgid "Did you forget a comma?\n"
msgstr "¿Te has olvidado de una coma?\n"

#: runtime_errors\type_error.py:717
msgid ""
"Perhaps you have forgotten a comma between two identical lists\n"
"`{container}`. The second list had been interpreted as\n"
"the indexation of the first one by the index `{new_index}`\n"
msgstr ""

#: runtime_errors\type_error.py:723
msgid ""
"Perhaps you have forgotten a comma between the object `{container}`\n"
"and the list `{index}`.  The list `{index}` had been interpreted as\n"
"the indexation of object `{container}` by the index `{new_index}`\n"
msgstr ""

#: runtime_errors\type_error.py:728
msgid "Did you forget a comma before `{index}`?\n"
msgstr ""

#: runtime_errors\type_error.py:790
msgid ""
"When using a slice to extract a range of elements\n"
"from a sequence, that is something like\n"
"`[start:stop]` or `[start:stop:step]`\n"
"each of `start`, `stop`, `step` must be either an integer, `None`,\n"
"or possibly some other object having an `__index__` method.\n"
msgstr ""

#: runtime_errors\type_error.py:809
msgid ""
"Only hashable objects can be used\n"
"as elements of `set` or keys of `dict`.\n"
"Hashable objects are objects that do not change value\n"
"once they have been created."
msgstr ""

#: runtime_errors\type_error.py:819
msgid "Instead of using {original}, consider using {replacement}.\n"
msgstr ""

#: runtime_errors\type_error.py:846
msgid ""
"Subscriptable objects are typically containers from which\n"
"you can retrieve item using the notation `[...]`.\n"
msgstr ""

#: runtime_errors\type_error.py:858
msgid ""
"Using this notation, you attempted to retrieve an item\n"
"from an object of type `{obj_type}` which is not allowed.\n"
msgstr ""

#: runtime_errors\type_error.py:867
msgid "Perhaps you meant to write `{line}`.\n"
msgstr ""

#: runtime_errors\type_error.py:870
msgid ""
"Using this notation, you attempted to retrieve an item\n"
"from `{name}`, an object of type `{obj_type}`. This is not allowed.\n"
msgstr ""

#: runtime_errors\type_error.py:887
msgid ""
"An iterable is an object capable of returning its members one at a time.\n"
"Python containers (`list, tuple, dict`, etc.) are iterables.\n"
"An iterable is required here.\n"
msgstr ""

#: runtime_errors\type_error.py:904 runtime_errors\value_error.py:24
msgid ""
"Unpacking is a convenient way to assign a name,\n"
"to each item of an iterable.\n"
msgstr ""

#: runtime_errors\type_error.py:908
msgid ""
"An iterable is an object capable of returning its members one at a time.\n"
"Python containers (`list, tuple, dict`, etc.) are iterables,\n"
"but not objects of type `{obj_type}`.\n"
msgstr ""

#: runtime_errors\type_error.py:923
msgid ""
"{function} does not accept a sequence as an argument.\n"
"Instead of writing `{line}`\n"
"perhaps you should use the `dict.fromkeys()` method: `{new_line}`.\n"
msgstr ""

#: runtime_errors\type_error.py:928
msgid "Perhaps you need to use the `dict.fromkeys()` method.\n"
msgstr ""

#: runtime_errors\type_error.py:966 runtime_errors\type_error.py:990
msgid "Did you forget to call `{name}`?\n"
msgstr ""

#: runtime_errors\type_error.py:967 runtime_errors\type_error.py:991
msgid ""
"I suspect that you forgot to add parentheses to call `{name}`.\n"
"You might have meant to write:\n"
"`{line}`\n"
msgstr ""

#: runtime_errors\type_error.py:1005
msgid ""
"The function `vars` is used to list the content of the\n"
"`__dict__` attribute of an object.\n"
msgstr ""

#: runtime_errors\type_error.py:1014
msgid "Object `{name}` uses `__slots__` instead of `__dict__`.\n"
msgstr ""

#: runtime_errors\type_error.py:1018
msgid ""
"`{name}`, the argument of `vars`, is an object without such an attribute.\n"
msgstr ""

#: runtime_errors\type_error.py:1039
msgid ""
"You have specified the value of argument `{argument}` more than once\n"
"when calling the function named `{function}`.\n"
msgstr ""

#: runtime_errors\type_error.py:1060
msgid "This function has only one argument: `{arguments}`\n"
msgstr ""

#: runtime_errors\type_error.py:1064
msgid ""
"This function has the following arguments:\n"
"`{arguments}`\n"
msgstr ""

#: runtime_errors\unbound_local_error.py:32
msgid ""
"You're trying to use the name `{name}` identified by Python as being\n"
"in the local scope of a function before having assigned it a value.\n"
msgstr ""

#: runtime_errors\unbound_local_error.py:63
msgid ""
"The name `{var_name}` exists in both the global and nonlocal scope.\n"
"This can be rather confusing and is not recommended.\n"
"Depending on which variable you wanted to refer to, you needed to add "
"either\n"
"\n"
"    global {var_name}\n"
"\n"
"or\n"
"\n"
"    nonlocal {var_name}\n"
"\n"
"as the first line inside your function.\n"
msgstr ""

#: runtime_errors\unbound_local_error.py:73
msgid ""
"Did you forget to add either `global {var_name}` or \n"
"`nonlocal {var_name}`?\n"
msgstr ""

#: runtime_errors\unbound_local_error.py:85
msgid ""
"`{name}` is a Python builtin function.\n"
"You have tried to assign a value to `{name}` inside a function\n"
"while also using its original meaning in the function.\n"
"\n"
"Note that it is generally not a good idea to give a local variable\n"
"the same name as a Python builtin function (like `{name}`).\n"
msgstr ""

#: runtime_errors\unbound_local_error.py:102
msgid ""
"The name `{var_name}` exists in the {scope} scope.\n"
"Perhaps the statement\n"
"\n"
"    {scope} {var_name}\n"
"\n"
"should have been included as the first line inside your function.\n"
msgstr ""

#: runtime_errors\unbound_local_error.py:109
msgid "Did you forget to add `{scope} {var_name}`?\n"
msgstr ""

#: runtime_errors\unbound_local_error.py:120
msgid "The similar name `{name}` was found in the local scope. "
msgstr ""

#: runtime_errors\value_error.py:73 runtime_errors\value_error.py:82
msgid ""
"In this instance, there are more names ({nb_names})\n"
"than {length}, the length of the iterable.\n"
msgstr ""

#: runtime_errors\value_error.py:88
msgid ""
"In this instance, there are more names ({nb_names})\n"
"than the length of the iterable, {iter_type} of length {length}.\n"
msgstr ""

#: runtime_errors\value_error.py:107 runtime_errors\value_error.py:117
msgid ""
"In this instance, there are fewer names ({nb_names})\n"
"than the length of the iterable.\n"
msgstr ""

#: runtime_errors\value_error.py:123
msgid ""
"In this instance, there are fewer names ({nb_names})\n"
"than the length of the iterable, {iter_type} of length {length}.\n"
msgstr ""

#: runtime_errors\value_error.py:144
msgid ""
"`int()` expects an argument that looks like a number in base `{base}`\n"
"but you gave it an empty string.\n"
msgstr ""

#: runtime_errors\value_error.py:150
msgid "`{value}` is an invalid argument for `int()` in base `{base}`.\n"
msgstr ""

#: runtime_errors\value_error.py:167
#, fuzzy
#| msgid ""
#| "The following are some of its known attributes:\n"
#| "`{names}`."
msgid "The following characters are not allowed: `{invalid}`.\n"
msgstr ""
"A continuación se detallan algunos de sus atributos conocidos:\n"
"`{names}`."

#: runtime_errors\value_error.py:179
msgid ""
"When base `0` is specified, `int()` expects the argument\n"
"to be an integer literal, written in\n"
"base 2 (`0b...`), 8 (`0o...`), 10, or 16 (`0x...`).\n"
msgstr ""

#: runtime_errors\value_error.py:185
msgid ""
"In base `{base}`, `int()` is most often use to convert a string\n"
"containing the digits `0` to `{max_n}` into an integer.\n"
msgstr ""

#: runtime_errors\value_error.py:190
msgid ""
"In base `11`, `int()` is most often use to convert a string\n"
"containing the digits `0` to `9` and the letter `'a'` into an integer.\n"
msgstr ""

#: runtime_errors\value_error.py:195
msgid ""
"In base `base`, `int()` is most often use to convert a string\n"
"containing the digits `0` to `9` and the letters\n"
"from `'a'` to `'{max_n}'` into an integer.\n"
msgstr ""

#: runtime_errors\value_error.py:211
msgid "You need to convert `'{value}'` to a float first.\n"
msgstr ""

#: runtime_errors\value_error.py:212
msgid ""
"The string `'{value}'` needs to be first converted using `float()`\n"
"before the result can be converted into an integer using `int()`.\n"
msgstr ""

#: runtime_errors\value_error.py:224
msgid ""
"The argument `base` of `int()` must be either zero\n"
"or any integer from 2 to 36.\n"
msgstr ""

#: runtime_errors\value_error.py:232
#, fuzzy
#| msgid "You wrote `{bad}` instead of a colon.\n"
msgid "You wrote {base} which is not allowed.\n"
msgstr "Has escrito `{bad}` en lugar de dos puntos.\n"

#: runtime_errors\value_error.py:243
msgid "Did you specify an invalid month?\n"
msgstr ""

#: runtime_errors\value_error.py:244
msgid ""
"I am guessing that you specify an invalid value for a month\n"
"in a `date` object. Valid values are integers, from 1 to 12.\n"
msgstr ""

#: runtime_errors\value_error.py:263
#, fuzzy
#| msgid "`{rest}` cannot be imported from `{name}`.\n"
msgid "The string `{string}` cannot be converted to a `float`.\n"
msgstr "`{rest}` no puede ser importado desde `{name}`.\n"

#: runtime_errors\value_error.py:278
msgid ""
"The name `{var}` is used both as the name of a class variable\n"
"and as a string item in the class `__slots__`;\n"
"this is not allowed.\n"
msgstr ""

#: runtime_errors\value_error.py:312
msgid ""
"I do not recognize this error message.\n"
"I am guessing that the problem is with the function `{name}`.\n"
msgstr ""

#: runtime_errors\value_error.py:318
msgid ""
"Its docstring is:\n"
"\n"
"{docstring}\n"
msgstr ""

#: runtime_errors\value_error.py:322
msgid "I have no more information.\n"
msgstr "No tengo mas información.\n"

#: runtime_errors\value_error.py:334
msgid ""
"The value you gave for the time is not in the format you specified.\n"
"Make sure to use the same separator between items\n"
"(for example, between day and month) and keep the order the same\n"
"in both the data provided and the format you specified.\n"
"The following table might be useful:\n"
"https://docs.python.org/3/library/time.html#time.strftime\n"
"The following site might also be useful: https://www.strfti.me/\n"
msgstr ""

#: runtime_errors\zero_division_error.py:21
msgid "Using the modulo operator, you are dividing by zero.\n"
msgstr "Usando el operador módulo, estás dividiendo por cero.\n"

#: runtime_errors\zero_division_error.py:22
msgid "You are dividing by zero.\n"
msgstr "Estás dividiendo por cero.\n"

#: runtime_errors\zero_division_error.py:44
#: runtime_errors\zero_division_error.py:79
msgid ""
"You are dividing by the following term\n"
"\n"
"    {expression}\n"
"\n"
"which is equal to zero.\n"
msgstr ""

#: runtime_errors\zero_division_error.py:50
#: runtime_errors\zero_division_error.py:58
msgid ""
"The following mathematical expression includes a division by zero:\n"
"\n"
"    {expression}\n"
msgstr ""

#: runtime_errors\zero_division_error.py:91
#: runtime_errors\zero_division_error.py:128
msgid ""
"Using the modulo operator, you are dividing by the following term\n"
"\n"
"    {expression}\n"
"\n"
"which is equal to zero.\n"
msgstr ""

#: runtime_errors\zero_division_error.py:99
msgid "The second argument of the `divmod()` function is zero.\n"
msgstr ""

#: runtime_errors\zero_division_error.py:112
msgid ""
"You are attempting to raise the number 0 to a negative power\n"
"which is equivalent to dividing by zero.\n"
msgstr ""

#: runtime_errors\zero_division_error.py:134
msgid ""
"The following mathematical expression includes a division by zero\n"
"done using the modulo operator:\n"
"\n"
"    {expression}\n"
msgstr ""

#: runtime_errors\zero_division_error.py:149
msgid "The second argument of the `divmod()` function is equal to zero.\n"
msgstr ""

#: syntax_errors\analyze_syntax.py:29
msgid ""
"Currently, I cannot guess the likely cause of this error.\n"
"Try to examine closely the line indicated as well as the line\n"
"immediately above to see if you can identify some misspelled\n"
"word, or missing symbols, like (, ), [, ], :, etc.\n"
"\n"
"Unless your code uses type annotations, which are beyond our scope,\n"
"if you think that this is something which should be handled\n"
"by friendly, please report this case to\n"
"https://github.com/aroberge/friendly/issues\n"
"\n"
msgstr ""

#: syntax_errors\analyze_syntax.py:72
msgid ""
"Python told us that it expected a colon at the position indicated.\n"
"However, adding a colon or replacing something else by a colon\n"
"would not fix the problem.\n"
msgstr ""

#: syntax_errors\analyze_syntax.py:86
msgid ""
"Python gave us the following informative message\n"
"about the possible cause of the error:\n"
"\n"
"    {message}\n"
"\n"
"However, I do not recognize this information and I have\n"
"to guess what caused the problem, but I might be wrong.\n"
"\n"
msgstr ""

#: syntax_errors\error_in_def.py:18 syntax_errors\statement_analyzer.py:19
msgid ""
"However, making such a change would still not correct\n"
"all the syntax errors in the code you wrote.\n"
msgstr ""

#: syntax_errors\error_in_def.py:27
msgid ""
"The correct syntax is:\n"
"\n"
"    {async_}def name ( ... ):"
msgstr ""

#: syntax_errors\error_in_def.py:79
msgid "A function needs a name.\n"
msgstr "Una función necesita un nombre.\n"

#: syntax_errors\error_in_def.py:80
msgid "You tried to define a function and did not use the correct syntax.\n"
msgstr ""
"Has intentado definir una función y no has utilizado la sintaxis correcta.\n"

#: syntax_errors\error_in_def.py:84
msgid "Functions and methods need a name.\n"
msgstr "Las funciones y los métodos necesitan un nombre.\n"

#: syntax_errors\error_in_def.py:85
msgid ""
"You tried to define a function or method and did not use the correct "
"syntax.\n"
msgstr ""
"Has intentado definir una función o un método y no has utilizado la sintaxis "
"correcta.\n"

#: syntax_errors\error_in_def.py:107 syntax_errors\error_in_def.py:133
#: syntax_errors\message_analyzer.py:918 syntax_errors\message_analyzer.py:1397
#: syntax_errors\statement_analyzer.py:1143
#: syntax_errors\statement_analyzer.py:1162
msgid "Did you forget parentheses?\n"
msgstr "¿Has olvidado los paréntesis?\n"

#: syntax_errors\error_in_def.py:108 syntax_errors\error_in_def.py:134
msgid ""
"Perhaps you forgot to include parentheses.\n"
"You might have meant to write\n"
"\n"
"    {line}\n"
msgstr ""
"Tal vez haya olvidado incluir los paréntesis.\n"
"Puede que hayas querido escribir\n"
"\n"
"    {line}\n"

#: syntax_errors\error_in_def.py:154
msgid "A function definition statement must end with a colon.\n"
msgstr ""
"Una declaración de definición de función debe terminar con dos puntos.\n"

#: syntax_errors\error_in_def.py:160 syntax_errors\error_in_def.py:181
msgid "Did you forget to write a colon?\n"
msgstr "¿Olvidaste escribir dos puntos?\n"

#: syntax_errors\error_in_def.py:161 syntax_errors\message_analyzer.py:710
msgid "You wrote `{bad}` instead of a colon.\n"
msgstr "Has escrito `{bad}` en lugar de dos puntos.\n"

#: syntax_errors\error_in_def.py:170
msgid "Did you write something by mistake after the colon?\n"
msgstr "¿Escribiste algo por error después de los dos puntos?\n"

#: syntax_errors\error_in_def.py:171
msgid "A block of code must come after the colon.\n"
msgstr "Un bloque de código debe ir después de los dos puntos.\n"

#: syntax_errors\error_in_def.py:172
msgid "Removing `{bad}`, might fix the problem.\n"
msgstr "Eliminar `{bad}`, podría solucionar el problema.\n"

#: syntax_errors\error_in_def.py:195
msgid "You cannot use a Python keyword as a function name.\n"
msgstr ""
"No se puede utilizar una palabra clave de Python como nombre de función.\n"

#: syntax_errors\error_in_def.py:196
msgid "You tried to use the Python keyword `{kwd}` as a function name.\n"
msgstr ""
"Has intentado utilizar la palabra clave de Python `{kwd}` como nombre de "
"función.\n"

#: syntax_errors\error_in_def.py:204
msgid "There are more syntax errors later in your code.\n"
msgstr "Hay errores de sintaxis adicionales más adelante en su código.\n"

#: syntax_errors\error_in_def.py:221
msgid "You wrote an invalid function name.\n"
msgstr "Has escrito un nombre de función no válido.\n"

#: syntax_errors\error_in_def.py:222
msgid ""
"The name of a function must be a valid Python identifier,\n"
"that is a name that begins with a letter or an underscore character, `_`,\n"
"and which contains only letters, digits or the underscore character.\n"
msgstr ""
"El nombre de una función debe ser un identificador válido de Python,\n"
"es decir, un nombre que comience con una letra o un carácter de subrayado, "
"`_`,\n"
"y que contenga sólo letras, dígitos o el carácter de subrayado.\n"

#: syntax_errors\error_in_def.py:228
msgid "You attempted to use a string as a function name.\n"
msgstr "Has intentado utilizar una cadena como nombre de función.\n"

#: syntax_errors\error_in_def.py:243
msgid "You forgot to name your function.\n"
msgstr "Has olvidado nombrar tu función.\n"

#: syntax_errors\error_in_def.py:251
msgid "However, there are some other syntax errors in your code.\n"
msgstr ""
"Sin embargo, hay algunos errores de sintaxis adicionales en su código.\n"

#: syntax_errors\error_in_def.py:266
msgid ""
"I am guessing that you tried to use the Python keyword\n"
"`{kwd}` as an argument in the definition of a function\n"
"where an identifier (variable name) was expected.\n"
msgstr ""
"Supongo que has intentado utilizar la palabra clave de Python\n"
"`{kwd}` como argumento en la definición de una función\n"
"donde se esperaba un identificador (nombre de variable).\n"

#: syntax_errors\error_in_def.py:281
msgid "You cannot use dotted names as function arguments.\n"
msgstr ""
"No se pueden utilizar nombres con puntos como argumentos de funciones.\n"

#: syntax_errors\error_in_def.py:283
msgid "Perhaps you meant to write a comma.\n"
msgstr "Tal vez querías escribir una coma.\n"

#: syntax_errors\error_in_def.py:284 syntax_errors\error_in_def.py:470
#: syntax_errors\statement_analyzer.py:724 syntax_errors\syntax_utils.py:110
msgid "Did you mean to write a comma?\n"
msgstr "¿Querías escribir una coma?\n"

#: syntax_errors\error_in_def.py:288
msgid "You cannot use dots in function names.\n"
msgstr "No se pueden utilizar puntos en los nombres de las funciones.\n"

#: syntax_errors\error_in_def.py:297
msgid ""
"`/` indicates that the previous arguments in a function definition\n"
"are positional arguments.\n"
msgstr ""
"`/` indica que los argumentos anteriores en una definición de función\n"
"son argumentos posicionales.\n"

#: syntax_errors\error_in_def.py:303
msgid ""
"Function definitions cannot include the symbol `/` in this Python version.\n"
msgstr ""
"Las definiciones de funciones no pueden incluir el símbolo `/` en esta "
"versión de Python.\n"

#: syntax_errors\error_in_def.py:306
msgid ""
"This symbol can only be used with Python versions 3.8.0 or newer.\n"
"You are using Python version {version}.\n"
msgstr ""
"Este símbolo sólo puede utilizarse con las versiones de Python 3.8.0 o "
"posteriores.\n"
"Está utilizando la versión de Python {version}.\n"

#: syntax_errors\error_in_def.py:315
msgid ""
"You have unspecified keyword arguments that appear before\n"
"the symbol `/`.\n"
msgstr ""

#: syntax_errors\error_in_def.py:319
msgid "Keyword arguments must appear after the `/` symbol.\n"
msgstr ""

#: syntax_errors\error_in_def.py:324
msgid ""
"However, `*` indicates that the arguments\n"
"that follow must be keyword arguments.\n"
"When they are used together, `/` must appear before `*`.\n"
msgstr ""

#: syntax_errors\error_in_def.py:329
msgid "`*` must appear after `/` in a function definition.\n"
msgstr ""

#: syntax_errors\error_in_def.py:331
msgid "`*{name}` must appear after `/` in a function definition.\n"
msgstr ""

#: syntax_errors\error_in_def.py:338
msgid "You can only use `/` once in a function definition.\n"
msgstr ""

#: syntax_errors\error_in_def.py:352
msgid "You can only use `*` once in a function definition.\n"
msgstr ""

#: syntax_errors\error_in_def.py:358
msgid "You have used it twice, with `*{first}` and `*{second}`.\n"
msgstr ""

#: syntax_errors\error_in_def.py:366
msgid ""
"It must either be used by itself, `*`,\n"
"or in the form `*{args}`, but not both.\n"
msgstr ""

#: syntax_errors\error_in_def.py:375
msgid "`*{args}` must appear before `**{kwargs}`.\n"
msgstr ""

#: syntax_errors\error_in_def.py:379
msgid "`**{kwargs}` must appear after the `*` operator.\n"
msgstr ""

#: syntax_errors\error_in_def.py:393
msgid "You cannot use numbers as function arguments.\n"
msgstr "No se pueden utilizar números como argumentos de funciones.\n"

#: syntax_errors\error_in_def.py:394
msgid ""
"You used a number as an argument when defining a function.\n"
"You can only use identifiers (variable names) as function arguments.\n"
msgstr ""
"Ha utilizado un número como argumento al definir una función.\n"
"Sólo puede utilizar identificadores (nombres de variables) como argumentos "
"de funciones.\n"

#: syntax_errors\error_in_def.py:406
msgid "You cannot use strings as function arguments.\n"
msgstr "No se pueden utilizar cadenas como argumentos de funciones.\n"

#: syntax_errors\error_in_def.py:407
msgid ""
"You used a string as an argument when defining a function.\n"
"You can only use identifiers (variable names) as function arguments.\n"
msgstr ""
"Ha utilizado una cadena como argumento al definir una función.\n"
"Sólo se pueden utilizar identificadores (nombres de variables) como "
"argumentos de funciones.\n"

#: syntax_errors\error_in_def.py:419
msgid "You cannot have explicit tuples as function arguments.\n"
msgstr "No se pueden tener tuplas explícitas como argumentos de la función.\n"

#: syntax_errors\error_in_def.py:421
msgid ""
"You can only use identifiers (variable names) as function arguments.\n"
"Assign any tuple to a parameter and unpack it\n"
"within the body of the function.\n"
msgstr ""
"Sólo se pueden utilizar identificadores (nombres de variables) como "
"argumentos de funciones.\n"
"Asignar cualquier tupla a un parámetro y desempaquetarla\n"
"dentro del cuerpo de la función.\n"

#: syntax_errors\error_in_def.py:434
msgid "You cannot have explicit lists as function arguments.\n"
msgstr "No se pueden tener listas explícitas como argumentos de funciones.\n"

#: syntax_errors\error_in_def.py:435 syntax_errors\error_in_def.py:447
msgid "You can only use identifiers (variable names) as function arguments.\n"
msgstr ""
"Sólo se pueden utilizar identificadores (nombres de variables) como "
"argumentos de funciones.\n"

#: syntax_errors\error_in_def.py:446
msgid "You cannot have any explicit dict or set as function arguments.\n"
msgstr ""
"No puede tener ningún dict o set explícito como argumentos de la función.\n"

#: syntax_errors\error_in_def.py:463
msgid "You cannot have operators as function arguments.\n"
msgstr "No se pueden tener operadores como argumentos de la función.\n"

#: syntax_errors\error_in_def.py:471
msgid ""
"I suspect you made a typo and wrote `{op}` instead of a comma.\n"
"The following statement contains no syntax error:\n"
"\n"
"    {new_statement}"
msgstr ""

#: syntax_errors\error_in_def.py:483
msgid "Did you mean to write an equal sign?\n"
msgstr "¿Querías escribir un signo de igualdad?\n"

#: syntax_errors\error_in_def.py:484
msgid ""
"I suspect you made a typo and wrote `{op}` instead of an equal sign.\n"
"The following statement contains no syntax error:\n"
"\n"
"    {new_statement}"
msgstr ""

#: syntax_errors\error_in_def.py:496
msgid "Did you mean to write `{op}`?\n"
msgstr ""

#: syntax_errors\error_in_def.py:497
msgid ""
"I suspect you made a typo and added `{op}` by mistake.\n"
"The following statement contains no syntax error:\n"
"\n"
"    {new_statement}"
msgstr ""

#: syntax_errors\error_in_def.py:513
msgid "You cannot use `{op}` as an argument.\n"
msgstr "No se puede utilizar `{op}` como argumento.\n"

#: syntax_errors\error_in_def.py:517
msgid ""
"I suspect you made a typo and wrote `{op}` by mistake.\n"
"If you replace it by a unique variable name, the result\n"
"will contain no syntax error.\n"
msgstr ""

#: syntax_errors\error_in_def.py:525
msgid ""
"I suspect you made a typo and wrote `{op}` by mistake,\n"
"perhaps instead of writing an identifier (variable name).\n"
msgstr ""

#: syntax_errors\error_in_def.py:534
msgid ""
"The `**` operator needs to be followed by an identifier (variable name).\n"
msgstr ""

#: syntax_errors\error_in_def.py:557
msgid "Positional arguments must come before keyword arguments.\n"
msgstr ""
"Los argumentos posicionales deben ir antes de los argumentos de palabra "
"clave.\n"

#: syntax_errors\error_in_def.py:558
msgid ""
"`{arg}` is a positional argument that appears after one or more\n"
"keyword arguments in your function definition.\n"
msgstr ""

#: syntax_errors\indentation_error.py:11
msgid "Line `{number}` identified above is more indented than expected.\n"
msgstr ""

#: syntax_errors\indentation_error.py:15
msgid ""
"Line `{number}` identified above was expected to begin a new indented "
"block.\n"
msgstr ""

#: syntax_errors\indentation_error.py:20
msgid "Line `{number}` identified above is less indented than expected.\n"
msgstr ""

#: syntax_errors\indentation_error.py:32
msgid ""
"However, line {number}, which is identified as having a problem,\n"
"consists of a single string which is also the case\n"
"for the preceding line.\n"
"Perhaps you meant to include a continuation character, `\\`,\n"
"at the end of line {preceding}.\n"
msgstr ""

#: syntax_errors\message_analyzer.py:21
msgid "You can only assign objects to identifiers (variable names).\n"
msgstr ""

#: syntax_errors\message_analyzer.py:25
#: syntax_errors\statement_analyzer.py:1439
msgid ""
"You can only delete names of objects, or items in mutable containers\n"
"such as `list`, `set`, or `dict`.\n"
msgstr ""

#: syntax_errors\message_analyzer.py:51
msgid "of type `int`"
msgstr "de tipo `int`"

#: syntax_errors\message_analyzer.py:52
msgid "of type `complex`"
msgstr "de tipo `complex`"

#: syntax_errors\message_analyzer.py:53
msgid "of type `float`"
msgstr "de tipo `float`"

#: syntax_errors\message_analyzer.py:54
msgid "of type `str`"
msgstr "de tipo `str`"

#: syntax_errors\message_analyzer.py:55
msgid "of type `dict`"
msgstr "de tipo `dict`"

#: syntax_errors\message_analyzer.py:56
msgid "of type `list`"
msgstr "de tipo `list`"

#: syntax_errors\message_analyzer.py:57
msgid "of type `set`"
msgstr "de tipo `set`"

#: syntax_errors\message_analyzer.py:58
msgid "of type `tuple`"
msgstr "de tipo `tuple`"

#: syntax_errors\message_analyzer.py:78 syntax_errors\message_analyzer.py:88
msgid "Did you mean `{num}`?\n"
msgstr "¿Querías decir `{num}`?\n"

#: syntax_errors\message_analyzer.py:79
msgid ""
"Perhaps you meant to write the octal number `{num}`\n"
"and forgot the letter 'o', or perhaps you meant to write\n"
"a decimal integer and did not know that it could not start with zeros.\n"
msgstr ""

#: syntax_errors\message_analyzer.py:89
msgid ""
"Perhaps you meant to write the integer `{num}`\n"
"and did not know that it could not start with zeros.\n"
msgstr ""

#: syntax_errors\message_analyzer.py:128
msgid ""
"On the left-hand side of an equal sign, you have a\n"
"conditional expression instead of the name of a variable.\n"
"A conditional expression has the following form:\n"
"\n"
"    variable = object if condition else other_object\n"
msgstr ""

#: syntax_errors\message_analyzer.py:145
msgid ""
"On the left-hand side of an equal sign, you have\n"
"an expression instead of the name of a variable.\n"
msgstr ""

#: syntax_errors\message_analyzer.py:172
msgid "some value"
msgstr "algún valor"

#: syntax_errors\message_analyzer.py:173
msgid ""
"You wrote an expression like\n"
"\n"
"    {fn_call} = {value}\n"
"\n"
"where `{fn_call}`, on the left-hand side of the equal sign, is\n"
"a function call and not the name of a variable.\n"
msgstr ""

#: syntax_errors\message_analyzer.py:185
msgid ""
"You wrote the expression\n"
"\n"
"    {fn_call} = {value}\n"
"\n"
"where `{fn_call}`, on the left-hand side of the equal sign, either is\n"
"or includes a function call and is not simply the name of a variable.\n"
msgstr ""

#: syntax_errors\message_analyzer.py:202
msgid ""
"On the left-hand side of an equal sign, you have a\n"
"generator expression instead of the name of a variable.\n"
msgstr ""

#: syntax_errors\message_analyzer.py:213 syntax_errors\message_analyzer.py:324
msgid ""
"You wrote an expression that has the f-string `{fstring}`\n"
"on the left-hand side of the equal sign.\n"
"An f-string should only appear on the right-hand side of an equal sign.\n"
msgstr ""

#: syntax_errors\message_analyzer.py:257 syntax_errors\message_analyzer.py:825
msgid "You cannot assign a value to `{keyword}`.\n"
msgstr ""

#: syntax_errors\message_analyzer.py:260
msgid "You cannot assign a value to the ellipsis symbol [`...`].\n"
msgstr ""

#: syntax_errors\message_analyzer.py:261
msgid ""
"The ellipsis symbol `...` is a constant in Python;you cannot assign it a "
"different value.\n"
msgstr ""

#: syntax_errors\message_analyzer.py:266
msgid ""
"`{keyword}` is a constant in Python; you cannot assign it a different "
"value.\n"
msgstr ""

#: syntax_errors\message_analyzer.py:271
#: syntax_errors\statement_analyzer.py:885
msgid ""
"You were trying to assign a value to the Python keyword `{keyword}`.\n"
"This is not allowed.\n"
"\n"
msgstr ""

#: syntax_errors\message_analyzer.py:287
msgid ""
"A for loop must have the form:\n"
"\n"
"    for ... in sequence:\n"
"\n"
"where `...` must contain only identifiers (variable names)\n"
"and not literals like `{bad_token}`.\n"
msgstr ""

#: syntax_errors\message_analyzer.py:333
msgid "variable_name"
msgstr "nombre_de_variable"

#: syntax_errors\message_analyzer.py:337
msgid ""
"Perhaps you meant to write:\n"
"\n"
"    {name} = {literal}\n"
"\n"
msgstr ""

#: syntax_errors\message_analyzer.py:343
msgid "Perhaps you meant to write `{name} = {literal}`"
msgstr ""

#: syntax_errors\message_analyzer.py:363
msgid ""
"You wrote an expression like\n"
"\n"
"    {literal} = {name}\n"
"where `{literal}`, on the left-hand side of the equal sign,\n"
"is or includes an actual object {of_type}\n"
"and is not simply the name of a variable.\n"
msgstr ""

#: syntax_errors\message_analyzer.py:385
msgid ""
"You wrote an expression that includes some mathematical operations\n"
"on the left-hand side of the equal sign which should be\n"
"only used to assign a value to a variable.\n"
msgstr ""

#: syntax_errors\message_analyzer.py:407
msgid "Perhaps you meant to write `{name}` instead of `{original}`\n"
msgstr ""

#: syntax_errors\message_analyzer.py:412 syntax_errors\message_analyzer.py:548
#: syntax_errors\statement_analyzer.py:520
msgid "Perhaps you needed `==` instead of `=`.\n"
msgstr ""

#: syntax_errors\message_analyzer.py:424
msgid ""
"You wrote an expression that includes the `yield` keyword\n"
"on the left-hand side of the equal sign.\n"
"You cannot assign a value to such an expression.\n"
"Note that, like the keyword `return`,\n"
"`yield` can only be used inside a function.\n"
msgstr ""

#: syntax_errors\message_analyzer.py:443 syntax_errors\message_analyzer.py:465
msgid ""
"You are using the augmented assignment operator `:=` inside\n"
"a comprehension to assign a value to the iteration variable `{var}`.\n"
"This variable is meant to be used only inside the comprehension.\n"
"The augmented assignment operator is normally used to assign a value\n"
"to a variable so that the variable can be reused later.\n"
"This is not possible for variable `{var}`.\n"
msgstr ""

#: syntax_errors\message_analyzer.py:482
msgid ""
"The object named `{name}` is defined with type annotation\n"
"as a local variable. It cannot be declared to be a global variable.\n"
msgstr ""

#: syntax_errors\message_analyzer.py:495
msgid ""
"You cannot use the augmented assignment operator `:=`,\n"
"sometimes called the walrus operator, with literals like `{bad_token}`.\n"
"You can only assign objects to identifiers (variable names).\n"
msgstr ""

#: syntax_errors\message_analyzer.py:506
msgid ""
"You declared `{name}` as being both a global and nonlocal variable.\n"
"A variable can be global, or nonlocal, but not both at the same time.\n"
msgstr ""

#: syntax_errors\message_analyzer.py:521
msgid "Python tells us that the {bracket} was never closed.\n"
msgstr ""

#: syntax_errors\message_analyzer.py:524
msgid "The {bracket} was never closed.\n"
msgstr ""

#: syntax_errors\message_analyzer.py:536
msgid ""
"The Python keyword `break` can only be used inside a `for` loop or inside a "
"`while` loop.\n"
msgstr ""

#: syntax_errors\message_analyzer.py:549
#: syntax_errors\statement_analyzer.py:521
msgid ""
"You likely used an assignment operator `=` instead of an equality operator "
"`==`.\n"
msgstr ""
"Es probable que hayas utilizado un operador de asignación `=` en lugar de un "
"operador de igualdad `==`.\n"

#: syntax_errors\message_analyzer.py:557
msgid ""
"The following statement would not contain a syntax error:\n"
"\n"
"    {new_statement}\n"
msgstr ""

#: syntax_errors\message_analyzer.py:577
msgid "You cannot delete the constant `{constant}`.\n"
msgstr ""

#: syntax_errors\message_analyzer.py:597 syntax_errors\message_analyzer.py:651
msgid "You cannot delete a Python expression.\n"
msgstr ""

#: syntax_errors\message_analyzer.py:600
msgid "You cannot delete the expression `{expression}`.\n"
msgstr ""

#: syntax_errors\message_analyzer.py:617
msgid ""
"You attempted to delete a function call\n"
"\n"
"    {line}\n"
"instead of deleting the function's name\n"
"\n"
"    {correct}\n"
msgstr ""

#: syntax_errors\message_analyzer.py:635
msgid "You cannot delete the literal `{literal}`.\n"
msgstr ""

#: syntax_errors\message_analyzer.py:654
msgid "You cannot delete the named expression `{expression}`.\n"
msgstr ""

#: syntax_errors\message_analyzer.py:670
msgid ""
"The star operator `*` is interpreted to mean that\n"
"iterable unpacking is to be used to assign a name\n"
"to each item of an iterable, which does not make sense here.\n"
msgstr ""

#: syntax_errors\message_analyzer.py:684
msgid ""
"It looks like you surrounded a starred name by parentheses.\n"
"This was not considered a SyntaxError before Python version 3.9.\n"
msgstr ""

#: syntax_errors\message_analyzer.py:703
msgid "Did you forget a colon?\n"
msgstr ""

#: syntax_errors\message_analyzer.py:704
msgid "Python expected a colon at the position indicated.\n"
msgstr ""

#: syntax_errors\message_analyzer.py:729
msgid ""
"It looks like the error occurred as you were writing a Python dict.\n"
"Perhaps you wrote a dict key without writing the corresponding value.\n"
msgstr ""

#: syntax_errors\message_analyzer.py:733 syntax_errors\message_analyzer.py:856
#: syntax_errors\statement_analyzer.py:1499
msgid "Did you forget to write a dict value?\n"
msgstr ""

#: syntax_errors\message_analyzer.py:740
msgid ""
"The Python keyword `continue` can only be used inside a `for` loop or inside "
"a `while` loop.\n"
msgstr ""

#: syntax_errors\message_analyzer.py:752
msgid ""
"You have defined a function repeating the keyword argument\n"
"\n"
"    {name}\n"
"twice; each keyword argument should appear only once in a function "
"definition.\n"
msgstr ""

#: syntax_errors\message_analyzer.py:767
msgid "Did you forget to add `else`?\n"
msgstr ""

#: syntax_errors\message_analyzer.py:768
msgid "An `else some_value` clause was expected after the `if` expression.\n"
msgstr ""

#: syntax_errors\message_analyzer.py:780
msgid ""
"You started writing a triple-quoted string but never wrote\n"
"the triple quotes needed to end the string.\n"
msgstr ""

#: syntax_errors\message_analyzer.py:794
msgid "Did you forget a closing quote?\n"
msgstr ""

#: syntax_errors\message_analyzer.py:795
msgid ""
"You started writing a string with a single or double quote\n"
"but never ended the string with another quote on that line.\n"
msgstr ""

#: syntax_errors\message_analyzer.py:802
msgid ""
"Perhaps you meant to write the backslash character, `\\`\n"
"as the last character in the string and forgot that you\n"
"needed to escape it by writing two `\\` in a row.\n"
msgstr ""

#: syntax_errors\message_analyzer.py:807
msgid "Did you forget to escape a backslash character?\n"
msgstr ""

#: syntax_errors\message_analyzer.py:827
msgid ""
"You likely called a function using the Python keyword `{keyword}` as an "
"argument:\n"
"\n"
"    a_function({keyword}=something) \n"
"\n"
"which Python interpreted as trying to assign a value to a Python keyword.\n"
"\n"
msgstr ""

#: syntax_errors\message_analyzer.py:838
msgid ""
"You likely called a function with a named argument:\n"
"\n"
"    a_function(invalid=something) \n"
"\n"
"where `invalid` is not a valid variable name in Python\n"
"either because it starts with a number, or is a string,\n"
"or contains a period, etc.\n"
msgstr ""

#: syntax_errors\message_analyzer.py:852
#: syntax_errors\statement_analyzer.py:1490
msgid ""
"It looks like the error occurred as you were writing a Python dict.\n"
"Perhaps you forgot to write a value after a colon.\n"
msgstr ""

#: syntax_errors\message_analyzer.py:865
msgid ""
"You have written an f-string whose content `{...}`\n"
"includes a backslash; this is not allowed.\n"
"Perhaps you can replace the part that contains a backslash by\n"
"some variable. For example, suppose that you have an f-string like:\n"
"\n"
"    f\"{... 'hello\\n' ...}\"\n"
"\n"
"you could write this as\n"
"\n"
"    hello = 'hello\\n'\n"
"    f\"{... hello ...}\"\n"
msgstr ""

#: syntax_errors\message_analyzer.py:882
msgid ""
"You have written an f-string which has an unmatched `}`.\n"
"If you want to print a single `}`, you need to write `}}` in the f-string;\n"
"otherwise, you need to add an opening `{`.\n"
msgstr ""

#: syntax_errors\message_analyzer.py:894
msgid ""
"You have written an f-string which has an unmatched `{`.\n"
"If you want to print a single `{`, you need to write `{{` in the f-string;\n"
"otherwise, you need to add a closing `}`.\n"
msgstr ""

#: syntax_errors\message_analyzer.py:910
#: syntax_errors\statement_analyzer.py:1115
msgid ""
"I am guessing that you were writing a comprehension or a generator "
"expression\n"
"and forgot to include parentheses around tuples.\n"
"As an example, instead of writing\n"
"\n"
"    [i, i**2 for i in range(10)]\n"
"\n"
"you would need to write\n"
"\n"
"    [(i, i**2) for i in range(10)]\n"
"\n"
msgstr ""

#: syntax_errors\message_analyzer.py:927
msgid ""
"A `from __future__ import` statement changes the way Python\n"
"interprets the code in a file.\n"
"It must appear at the beginning of the file."
msgstr ""

#: syntax_errors\message_analyzer.py:943
msgid "The available features are `{names}`.\n"
msgstr ""

#: syntax_errors\message_analyzer.py:948
msgid ""
"When using a `from __future__ import` statement,\n"
"you must import specific named features.\n"
msgstr ""

#: syntax_errors\message_analyzer.py:959
msgid "Instead of `{feature}`, perhaps you meant to import `{name}`.\n"
msgstr ""

#: syntax_errors\message_analyzer.py:964
msgid "`{feature}` is not a valid feature of module `__future__`.\n"
msgstr ""

#: syntax_errors\message_analyzer.py:975
msgid ""
"You are using a generator expression, something of the form\n"
"\n"
"    x for x in thing\n"
"\n"
"You must add parentheses enclosing that expression.\n"
msgstr ""

#: syntax_errors\message_analyzer.py:988
msgid ""
"I suspect you wrote `from __future__ import braces` following\n"
"someone else's suggestion. This will never work.\n"
"\n"
"Unlike other programming languages, Python's code block are defined by\n"
"their indentation level, and not by using some curly braces, like `{...}`.\n"
msgstr ""

#: syntax_errors\message_analyzer.py:1003
#: syntax_errors\statement_analyzer.py:159
msgid "Did you use copy-paste?\n"
msgstr "¿Usaste copiar y pegar?\n"

#: syntax_errors\message_analyzer.py:1004
msgid ""
"Python indicates that you used the unicode character `{bad_character}`\n"
"which is not allowed.\n"
msgstr ""

#: syntax_errors\message_analyzer.py:1032
msgid "Python tells us that you have written an invalid number."
msgstr ""

#: syntax_errors\message_analyzer.py:1033
msgid "However, I think that the problem might be the following."
msgstr ""

#: syntax_errors\message_analyzer.py:1069
msgid "I have no suggestion to offer to fix this problem.\n"
msgstr "No tengo una sugerencia para arreglar este problema.\n"

#: syntax_errors\message_analyzer.py:1081
#: syntax_errors\statement_analyzer.py:652
msgid ""
"The double star operator `**` is likely interpreted to mean that\n"
"dict unpacking is to be used which is not allowed or does not make sense "
"here.\n"
msgstr ""

#: syntax_errors\message_analyzer.py:1139
msgid ""
"You cannot use the `*` operator to unpack the iteration variable\n"
"in a comprehension.\n"
msgstr ""

#: syntax_errors\message_analyzer.py:1151
#: syntax_errors\message_analyzer.py:1487
#: syntax_errors\statement_analyzer.py:450
msgid ""
"The following statement has no syntax error:\n"
"\n"
"    {statement}\n"
msgstr ""

#: syntax_errors\message_analyzer.py:1172
msgid ""
"You have called a function repeating the same keyword argument (`{arg}`).\n"
"Each keyword argument should appear only once in a function call.\n"
msgstr ""

#: syntax_errors\message_analyzer.py:1226
msgid ""
"Python tells us that the closing `{closing}` on the last line shown\n"
"does not match the opening `{opening}` on line {lineno}.\n"
"\n"
msgstr ""

#: syntax_errors\message_analyzer.py:1231
msgid ""
"Python tells us that the closing `{closing}` on the last line shown\n"
"does not match the opening `{opening}`.\n"
"\n"
msgstr ""

#: syntax_errors\message_analyzer.py:1245
msgid "Did you forget something after `*`?\n"
msgstr ""

#: syntax_errors\message_analyzer.py:1246
msgid ""
"Assuming you were defining a function, you need\n"
"to replace `*` by either `*arguments` or\n"
"by `*, named_argument=value`.\n"
msgstr ""

#: syntax_errors\message_analyzer.py:1261
msgid ""
"You assigned a value to the variable `{name}`\n"
"before declaring it as a global variable.\n"
msgstr ""

#: syntax_errors\message_analyzer.py:1275
msgid "Did you forget to add `nonlocal`?\n"
msgstr ""

#: syntax_errors\message_analyzer.py:1276
msgid ""
"You assigned a value to the variable `{name}`\n"
"before declaring it as a nonlocal variable.\n"
msgstr ""

#: syntax_errors\message_analyzer.py:1296
msgid ""
"You are including the statement\n"
"\n"
"    {newline}\n"
"\n"
"indicating that `{name}` is a variable defined outside a function.\n"
"You are also using the same `{name}` as an argument for that\n"
"function, thus indicating that it should be variable known only\n"
"inside that function, which is the contrary of what `global` implied.\n"
msgstr ""

#: syntax_errors\message_analyzer.py:1313
msgid ""
"You used `{name}` as a parameter for a function\n"
"before declaring it also as a nonlocal variable:\n"
"`{name}` cannot be both at the same time.\n"
msgstr ""

#: syntax_errors\message_analyzer.py:1328
msgid ""
"You used the variable `{name}`\n"
"before declaring it as a global variable.\n"
msgstr ""

#: syntax_errors\message_analyzer.py:1340
msgid "Did you forget to write `nonlocal` first?\n"
msgstr ""

#: syntax_errors\message_analyzer.py:1342
msgid ""
"You used the variable `{name}`\n"
"before declaring it as a nonlocal variable.\n"
msgstr ""

#: syntax_errors\message_analyzer.py:1355
msgid ""
"You declared the variable `{name}` as being a\n"
"nonlocal variable but it cannot be found.\n"
msgstr ""

#: syntax_errors\message_analyzer.py:1366
msgid ""
"You used the nonlocal keyword at a module level.\n"
"The nonlocal keyword refers to a variable inside a function\n"
"given a value outside that function."
msgstr ""

#: syntax_errors\message_analyzer.py:1378
msgid ""
"In Python, you can define functions with only positional arguments\n"
"\n"
"    def test(a, b, c): ...\n"
"\n"
"or only keyword arguments\n"
"\n"
"    def test(a=1, b=2, c=3): ...\n"
"\n"
"or a combination of the two\n"
"\n"
"    def test(a, b, c=3): ...\n"
"\n"
"but with the keyword arguments appearing after all the positional ones.\n"
"According to Python, you used positional arguments after keyword ones.\n"
msgstr ""

#: syntax_errors\message_analyzer.py:1398
#: syntax_errors\statement_analyzer.py:1163
msgid ""
"I am guessing that you wanted to use an `except` statement\n"
"with multiple exception types. If that is the case, you must\n"
"surround them with parentheses.\n"
msgstr ""

#: syntax_errors\message_analyzer.py:1410
msgid ""
"In Python, you can call functions with only positional arguments\n"
"\n"
"    test(1, 2, 3)\n"
"\n"
"or only keyword arguments\n"
"\n"
"    test(a=1, b=2, c=3)\n"
"\n"
"or a combination of the two\n"
"\n"
"    test(1, 2, c=3)\n"
"\n"
"but with the keyword arguments appearing after all the positional ones.\n"
"According to Python, you used positional arguments after keyword ones.\n"
msgstr ""

#: syntax_errors\message_analyzer.py:1441
msgid ""
"Perhaps you need to type\n"
"\n"
"     print({message})\n"
"\n"
"In older version of Python, `print` was a keyword.\n"
"Now, `print` is a function; you need to use parentheses to call it.\n"
msgstr ""

#: syntax_errors\message_analyzer.py:1448
#: syntax_errors\statement_analyzer.py:584
msgid "Note that arguments of `print` must be separated by commas.\n"
msgstr ""

#: syntax_errors\message_analyzer.py:1449
msgid "Did you mean `print({message})`?\n"
msgstr ""

#: syntax_errors\message_analyzer.py:1458
msgid "You can only use a `return` statement inside a function or method.\n"
msgstr ""

#: syntax_errors\message_analyzer.py:1467
msgid ""
"A star assignment must be of the form:\n"
"\n"
"    ... *name = list_or_tuple\n"
"\n"
msgstr ""

#: syntax_errors\message_analyzer.py:1477
msgid ""
"It looks like you tried to use a starred expression as a dict value;\n"
"this is not allowed.\n"
msgstr ""

#: syntax_errors\message_analyzer.py:1498
msgid ""
"Your code is too complex for Python:\n"
"you need to reduce the number of indented code blocks\n"
"contained inside other code blocks.\n"
msgstr ""
"Tu código es demasiado complejo para Python:\n"
"necesitas reducir el número de bloques de código con sangría\n"
"contenidos dentro de otros bloques de código.\n"

#: syntax_errors\message_analyzer.py:1511
msgid ""
"Your code is too complex for Python:\n"
"you need to reduce the number of parentheses\n"
"contained inside other parentheses.\n"
msgstr ""
"Tu código es demasiado complejo para Python:\n"
"necesitas reducir el número de paréntesis\n"
"contenidos dentro de otros paréntesis.\n"

#: syntax_errors\message_analyzer.py:1526
msgid ""
"Python indicates that you need to surround an expression\n"
"ending with a comma by parentheses.\n"
msgstr ""
"Python indica que hay que rodear una expresión\n"
"que termina con una coma por medio de paréntesis.\n"

#: syntax_errors\message_analyzer.py:1530
msgid ""
"Perhaps you meant to write\n"
"\n"
"`{new_statement}`\n"
msgstr ""
"Quizás quisiste escribir\n"
"\n"
"`{new_statement}`\n"

#: syntax_errors\message_analyzer.py:1538
msgid "However, I suspect that you wrote the keyword `{boolean}` by mistake.\n"
msgstr ""

#: syntax_errors\message_analyzer.py:1542
msgid ""
"The Python keyword `{boolean}` can only be used for boolean expressions.\n"
msgstr ""

#: syntax_errors\message_analyzer.py:1554
#: syntax_errors\message_analyzer.py:1567
msgid "However, if you remove the last comma, there will be no syntax error.\n"
msgstr ""

#: syntax_errors\message_analyzer.py:1574
msgid ""
"I have no additional suggestion to offer.\n"
"Please feel free to report this case.\n"
msgstr ""

#: syntax_errors\message_analyzer.py:1587
msgid ""
"You are using the continuation character `\\` outside of a string,\n"
"and it is followed by some other character(s).\n"
msgstr ""

#: syntax_errors\message_analyzer.py:1610
msgid ""
"I am guessing that you wanted to divide by the number {number} \n"
"and wrote \\ instead of /."
msgstr ""

#: syntax_errors\message_analyzer.py:1614
msgid "Did you mean to divide by {number}?\n"
msgstr "¿Querías dividir por {number}?\n"

#: syntax_errors\message_analyzer.py:1617
msgid "I am guessing that you forgot to enclose some content in a string.\n"
msgstr "Supongo que has olvidado encerrar algún contenido en una cadena.\n"

#: syntax_errors\message_analyzer.py:1626
msgid ""
"Python tells us that it reached the end of the file\n"
"and expected more content.\n"
"\n"
msgstr ""
"Python nos dice que llegó al final del archivo\n"
"y que esperaba más contenido.\n"
"\n"

#: syntax_errors\message_analyzer.py:1633
msgid ""
"I will attempt to be give a bit more information.\n"
"\n"
msgstr ""
"Intentaré dar un poco más de información.\n"
"\n"

#: syntax_errors\message_analyzer.py:1644
msgid ""
"I suspect that you wrote a string that contains\n"
"one backslash character, `\\` followed by an uppercase `U`\n"
"and some more characters.\n"
"Python likely interpreted this as indicating the beginning of\n"
"what is known as an escape sequence for special unicode characters.\n"
"To solve the problem, either write a so-called 'raw string'\n"
"by adding the letter `r` as a prefix in\n"
"front of the string, or replace `\\U`, by `\\\\U`.\n"
msgstr ""

#: syntax_errors\message_analyzer.py:1668
#: syntax_errors\statement_analyzer.py:108
msgid "The closing {bracket} on line {linenumber} does not match anything.\n"
msgstr ""

#: syntax_errors\message_analyzer.py:1679
msgid "Perhaps you forgot a closing quote.\n"
msgstr "Tal vez olvidó una comilla de cierre.\n"

#: syntax_errors\message_analyzer.py:1696
msgid ""
"Inside the f-string `{fstring}`, \n"
"you have another string, which starts with either a\n"
"single quote (') or double quote (\"), without a matching closing one.\n"
msgstr ""

#: syntax_errors\message_analyzer.py:1709
msgid "You can only use a `yield` statement inside a function.\n"
msgstr "Sólo se puede utilizar una sentencia `yield` dentro de una función.\n"

#: syntax_errors\message_analyzer.py:1718
msgid ""
"This is a message that was added in Python 3.9\n"
"to prevent redefining `__peg_parser__`.\n"
"It should not be present in other versions.\n"
msgstr ""

#: syntax_errors\statement_analyzer.py:138
msgid ""
"The closing {bracket} on line {close_lineno} does not match the opening "
"{open_bracket} on line {open_lineno}.\n"
msgstr ""

#: syntax_errors\statement_analyzer.py:165
msgid ""
"It looks like you copy-pasted code from an interactive interpreter.\n"
"The Python prompt, `>>>`, should not be included in your code.\n"
msgstr ""
"Parece que has copiado y pegado código de un intérprete interactivo.\n"
"El prompt de Python, `>>>`, no debería estar incluido en tu código.\n"

#: syntax_errors\statement_analyzer.py:176
msgid ""
"It looks like you copy-pasted code from an interactive interpreter.\n"
"The Python prompt, `...`, should not be included in your code.\n"
msgstr ""
"Parece que has copiado y pegado código de un intérprete interactivo.\n"
"El prompt de Python, `...`, no debería estar incluido en tu código.\n"

#: syntax_errors\statement_analyzer.py:190
msgid "You should not use the backquote character.\n"
msgstr "No debe utilizar el carácter de retrocomilla.\n"

#: syntax_errors\statement_analyzer.py:191
msgid ""
"You are using the backquote character.\n"
"Either you meant to write a single quote, ', or copied Python 2 code;\n"
"in this latter case, use the function `repr(x)`."
msgstr ""
"Estás utilizando el carácter de comillas.\n"
"O bien has querido escribir una comilla simple, ', o has copiado el código "
"de Python 2;\n"
"en este último caso, utiliza la función `repr(x)`."

#: syntax_errors\statement_analyzer.py:212
msgid "You forgot to add a condition.\n"
msgstr "Has olvidado añadir una condición.\n"

#: syntax_errors\statement_analyzer.py:214
msgid ""
"An `if` statement requires a condition:\n"
"\n"
"    if condition:\n"
"        ...\n"
"\n"
msgstr ""

#: syntax_errors\statement_analyzer.py:220
msgid ""
"A `while` loop requires a condition:\n"
"\n"
"    while condition:\n"
"        ...\n"
"\n"
msgstr ""

#: syntax_errors\statement_analyzer.py:226
msgid "A `for` loop requires at least 3 more terms.\n"
msgstr ""

#: syntax_errors\statement_analyzer.py:227
msgid ""
"A `for` loop is an iteration over a sequence:\n"
"\n"
"    for element in sequence:\n"
"        ...\n"
"\n"
msgstr ""

#: syntax_errors\statement_analyzer.py:233
msgid "A class needs a name.\n"
msgstr "Una clase necesita un nombre.\n"

#: syntax_errors\statement_analyzer.py:234
msgid ""
"A `class` statement requires a name:\n"
"\n"
"    class SomeName:\n"
"        ...\n"
"\n"
msgstr ""

#: syntax_errors\statement_analyzer.py:251
msgid ""
"You cannot use the Python keyword `{word}` as an attribute.\n"
"\n"
msgstr ""

#: syntax_errors\statement_analyzer.py:257
msgid "`{word}` cannot be used as an attribute.\n"
msgstr ""

#: syntax_errors\statement_analyzer.py:270
msgid "Perhaps you meant to write `elif`.\n"
msgstr "Tal vez querías escribir `elif`.\n"

#: syntax_errors\statement_analyzer.py:271
msgid ""
"You likely meant to use Python's `elif` keyword\n"
"but wrote `{name}` instead.\n"
"\n"
msgstr ""

#: syntax_errors\statement_analyzer.py:288
msgid "Did you mean `from {module} import {function}`?\n"
msgstr ""

#: syntax_errors\statement_analyzer.py:291
msgid ""
"You wrote something like\n"
"\n"
"    import {function} from {module}\n"
"instead of\n"
"\n"
"    from {module} import {function}\n"
"\n"
"\n"
msgstr ""

#: syntax_errors\statement_analyzer.py:314
msgid "Perhaps you misplaced a quote.\n"
msgstr ""

#: syntax_errors\statement_analyzer.py:315
msgid ""
"There appears to be a Python identifier (variable name)\n"
"immediately following a string.\n"
"I suspect that you were trying to use a quote inside a string\n"
"that was enclosed in quotes of the same kind.\n"
msgstr ""

#: syntax_errors\statement_analyzer.py:346
msgid ""
"The augmented assignment operator is not allowed in Python version "
"{version}.\n"
msgstr ""

#: syntax_errors\statement_analyzer.py:349
msgid ""
"You appear to be using the operator `:=`, sometimes called\n"
"the walrus operator. This operator requires the use of\n"
"Python 3.8 or newer. You are using version {version}.\n"
msgstr ""

#: syntax_errors\statement_analyzer.py:387
msgid "Did you write operators in an incorrect order?\n"
msgstr ""

#: syntax_errors\statement_analyzer.py:388
msgid ""
"It looks like you wrote two operators (`{first}` and `{second}`)\n"
"in the wrong order: `{wrong}` instead of `{correct}`.\n"
msgstr ""

#: syntax_errors\statement_analyzer.py:419
msgid ""
"You wrote three equal signs in a row which is allowed in some\n"
"programming languages, but not in Python. To check if two objects\n"
"are equal, use two equal signs, `==`; to see if two names represent\n"
"the exact same object, use the operator `is`.\n"
msgstr ""

#: syntax_errors\statement_analyzer.py:425
msgid "Did you mean to use `is` instead of `===`?\n"
msgstr ""

#: syntax_errors\statement_analyzer.py:429
msgid ""
"You cannot have write the same operator, `{op}`, twice in a row.\n"
"Perhaps you wrote one of them by mistake\n"
"or forgot to write something between them.\n"
msgstr ""

#: syntax_errors\statement_analyzer.py:440
msgid ""
"You cannot have these two operators, `{first}` and `{second}`,\n"
"following each other.\n"
"It looks like you tried to use a starred expression as a dict value;\n"
"this is not allowed.\n"
msgstr ""

#: syntax_errors\statement_analyzer.py:454
msgid ""
"You cannot have these two operators, `{first}` and `{second}`,\n"
"following each other. Perhaps you wrote one of them by mistake\n"
"or forgot to write something between them.\n"
msgstr ""

#: syntax_errors\statement_analyzer.py:461
msgid ""
"Or perhaps you included a space by mistake between the two operators\n"
"and meant to write `{oper}` as a single operator.\n"
msgstr ""
"O quizás incluyó un espacio por error entre los dos operadores\n"
"y quiso escribir `{oper}` como un solo operador.\n"

#: syntax_errors\statement_analyzer.py:489
msgid "Did you mean to use `=`?\n"
msgstr "¿Querías usar `=`?\n"

#: syntax_errors\statement_analyzer.py:490
msgid ""
"You use the augmented assignment operator `:=` where\n"
"the normal assignment operator `=` was required.\n"
msgstr ""
"Se utiliza el operador de asignación aumentado `:=` donde\n"
"el operador de asignación normal `=` era necesario.\n"

#: syntax_errors\statement_analyzer.py:530
msgid ""
"The following statement would not contain a syntax error:\n"
"\n"
"    {new_statement}"
msgstr ""

#: syntax_errors\statement_analyzer.py:536
msgid "Perhaps you needed `==` or `:=` instead of `=`.\n"
msgstr "Tal vez necesitabas `==` o `:=` en lugar de `=`.\n"

#: syntax_errors\statement_analyzer.py:537
msgid ""
"You used an assignment operator `=`; perhaps you meant to use \n"
"an equality operator, `==`, or the walrus operator `:=`.\n"
msgstr ""
"Has utilizado un operador de asignación `=`; quizás querías utilizar \n"
"un operador de igualdad, `==`, o el operador de asignación aumentado `:=`.\n"

#: syntax_errors\statement_analyzer.py:559
msgid ""
"In older version of Python, `print` was a keyword.\n"
"Now, `print` is a function; you need to use parentheses to call it.\n"
msgstr ""
"En la versión anterior de Python, `print` era una palabra clave.\n"
"Ahora, `print` es una función; necesitas usar paréntesis para llamarla.\n"

#: syntax_errors\statement_analyzer.py:582
msgid "Did you mean `{new_line}`?\n"
msgstr "¿Quiere decir `{new_line}`?\n"

#: syntax_errors\statement_analyzer.py:600
msgid ""
"It looks as if you are attempting to use pip to install a module.\n"
"`pip` is a command that needs to run in a terminal,\n"
"not from a Python interpreter.\n"
msgstr ""
"Parece que está intentando utilizar pip para instalar un módulo.\n"
"`pip` es un comando que debe ejecutarse en una terminal,\n"
"no desde un intérprete de Python.\n"

#: syntax_errors\statement_analyzer.py:608
msgid "Pip cannot be used in a Python interpreter.\n"
msgstr "Pip no puede ser utilizado en un intérprete de Python.\n"

#: syntax_errors\statement_analyzer.py:611
msgid ""
"I am guessing that you are attempting to use Python to run a program.\n"
"You must do so from a terminal and not from a Python interpreter.\n"
msgstr ""
"Supongo que estás intentando utilizar Python para ejecutar un programa.\n"
"Debe hacerlo desde un terminal y no desde un intérprete de Python.\n"

#: syntax_errors\statement_analyzer.py:621
msgid "You cannot have a dot `.` followed by `{bracket}`.\n"
msgstr "No puede haber un punto `.` seguido de `{bracket}`.\n"

#: syntax_errors\statement_analyzer.py:631
msgid "Perhaps you need to replace the dot by a comma.\n"
msgstr "Tal vez haya que sustituir el punto por una coma.\n"

#: syntax_errors\statement_analyzer.py:642
msgid ""
"It looks like you are trying to raise an exception using Python 2 syntax.\n"
msgstr ""
"Parece que estás intentando lanzar una excepción utilizando la sintaxis de "
"Python 2.\n"

#: syntax_errors\statement_analyzer.py:695
msgid "Did you forget a colon `:`?\n"
msgstr "¿Olvidaste los dos puntos `:`?\n"

#: syntax_errors\statement_analyzer.py:698
msgid ""
"You wrote a `{for_while}` loop but\n"
"forgot to add a colon `:` at the end\n"
"\n"
msgstr ""
"Has escrito un bucle `{for_while}` pero\n"
"olvidó añadir dos puntos `:` al final\n"
"\n"

#: syntax_errors\statement_analyzer.py:705
msgid ""
"You wrote a statement beginning with\n"
"`{name}` but forgot to add a colon `:` at the end.\n"
"\n"
msgstr ""
"Ha escrito una sentencia que empieza por\n"
"{name}` pero se olvidó de añadir los dos puntos `:` al final.\n"
"\n"

#: syntax_errors\statement_analyzer.py:723
msgid "You wrote a semi-colon, `;`, where a comma was expected.\n"
msgstr "Has escrito un punto y coma, `;`, donde se esperaba una coma.\n"

#: syntax_errors\statement_analyzer.py:743
msgid "You wrote semi-colons, `;`, where commas were expected.\n"
msgstr "Has escrito punto y coma, `;`, donde se esperaban comas.\n"

#: syntax_errors\statement_analyzer.py:744
msgid "Did you mean to write commas?\n"
msgstr "¿Querías escribir comas?\n"

#: syntax_errors\statement_analyzer.py:762
msgid "Did you made a mistake in writing an hexadecimal integer?\n"
msgstr "¿Te has equivocado al escribir un entero hexadecimal?\n"

#: syntax_errors\statement_analyzer.py:763
msgid ""
"It looks like you used an invalid character (`{character}`) in an "
"hexadecimal number.\n"
"\n"
"Hexadecimal numbers are base 16 integers that use the symbols `0` to `9`\n"
"to represent values 0 to 9, and the letters `a` to `f` (or `A` to `F`)\n"
"to represent values 10 to 15.\n"
"In Python, hexadecimal numbers start with either `0x` or `0X`,\n"
"followed by the characters used to represent the value of that integer.\n"
msgstr ""
"Parece que has utilizado un carácter no válido (`{character}`) en un número "
"hexadecimal.\n"
"\n"
"Los números hexadecimales son enteros de base 16 que utilizan los símbolos "
"`0` a `9`\n"
"para representar los valores 0 a 9, y las letras `a` a `f` (o `A` a `F`)\n"
"para representar los valores del 10 al 15.\n"
"En Python, los números hexadecimales comienzan con `0x` o `0X`,\n"
"seguido de los caracteres utilizados para representar el valor de ese número "
"entero.\n"

#: syntax_errors\statement_analyzer.py:782
msgid "Did you made a mistake in writing an octal integer?\n"
msgstr "¿Te has equivocado al escribir un entero octal?\n"

#: syntax_errors\statement_analyzer.py:783
msgid ""
"It looks like you used an invalid character (`{character}`) in an octal "
"number.\n"
"\n"
"Octal numbers are base 8 integers that only use the symbols `0` to `7`\n"
"to represent values.\n"
"In Python, hexadecimal numbers start with either `0o` or `0O`,\n"
"(the digit zero followed by the letter `o`)\n"
"followed by the characters used to represent the value of that integer.\n"
msgstr ""
"Parece que has utilizado un carácter no válido (`{character}`) en un número "
"octal.\n"
"\n"
"Los números octales son enteros de base 8 que sólo utilizan los símbolos `0` "
"a `7`\n"
"para representar valores.\n"
"En Python, los números hexadecimales comienzan con `0o` o `0O`,\n"
"(el dígito cero seguido de la letra `o`)\n"
"seguido de los caracteres utilizados para representar el valor de ese número "
"entero.\n"

#: syntax_errors\statement_analyzer.py:810
msgid "Valid names cannot begin with a number.\n"
msgstr "Los nombres válidos no pueden empezar por un número.\n"

#: syntax_errors\statement_analyzer.py:817
msgid "Did you mean `{number}j`?\n"
msgstr "¿Quieres decir `{number}j`?\n"

#: syntax_errors\statement_analyzer.py:818
msgid ""
"Perhaps you thought that `i` could be used to represent\n"
"the square root of `-1`. In Python, the symbol used for this is `j`\n"
"and the complex part is written as `some_number` immediately\n"
"followed by `j`, with no spaces in between.\n"
"Perhaps you meant to write `{number}j`.\n"
msgstr ""
"Tal vez pensó que `i` podría ser utilizado para representar\n"
"la raíz cuadrada de `-1`. En Python, el símbolo utilizado para esto es `j`\n"
"y la parte compleja se escribe como `algún_número` inmediatamente\n"
"seguido de `j`, sin espacios intermedios.\n"
"Tal vez haya querido escribir `{number}j`.\n"

#: syntax_errors\statement_analyzer.py:828
msgid ""
"[Note: `{first} * {second}` would also be valid\n"
"since `{first}` is a complex number.]\n"
msgstr ""

#: syntax_errors\statement_analyzer.py:837
msgid "Perhaps you forgot a multiplication operator, `{first} * {second}`.\n"
msgstr ""

#: syntax_errors\statement_analyzer.py:852
msgid "Your Python version does not support this f-string feature.\n"
msgstr "Su versión de Python no soporta esta función f-string.\n"

#: syntax_errors\statement_analyzer.py:853
msgid ""
"You are likely using a 'debug' syntax of f-strings introduced\n"
"in Python version 3.8. You are using version {version}.\n"
msgstr ""
"Es probable que estés usando una sintaxis de depuración de f-strings "
"introducida\n"
"en la versión 3.8 de Python. Estás usando la versión {version}.\n"

#: syntax_errors\statement_analyzer.py:859
msgid ""
"You are likely trying to assign a value within an f-string.\n"
"This is not allowed.\n"
msgstr ""
"Es probable que esté intentando asignar un valor dentro de un f-string.\n"
"Esto no está permitido.\n"

#: syntax_errors\statement_analyzer.py:874
msgid ""
"The content of your f-string is invalid. Please consult the documentation:\n"
"https://docs.python.org/3/reference/lexical_analysis.html#f-strings\n"
msgstr ""
"El contenido de su f-string no es válido. Consulte la documentación:\n"
"https://docs.python.org/3/reference/lexical_analysis.html#f-strings\n"

#: syntax_errors\statement_analyzer.py:884
msgid "Python keywords cannot be used as identifiers (variable names).\n"
msgstr ""
"Las palabras clave de Python no pueden utilizarse como identificadores "
"(nombres de variables).\n"

#: syntax_errors\statement_analyzer.py:905
msgid ""
"`lambda` does not allow parentheses around its arguments.\n"
"This was allowed in Python 2 but it not allowed in Python 3.\n"
msgstr ""
"`lambda` no permite paréntesis alrededor de sus argumentos.\n"
"Esto estaba permitido en Python 2 pero no en Python 3.\n"

#: syntax_errors\statement_analyzer.py:922
msgid ""
"You cannot have explicit tuples as arguments.\n"
"Assign any tuple to a parameter and unpack it\n"
"within the body of the function.\n"
msgstr ""
"No se pueden tener tuplas explícitas como argumentos.\n"
"Asigne cualquier tupla a un parámetro y desempaque\n"
"dentro del cuerpo de la función.\n"

#: syntax_errors\statement_analyzer.py:955
msgid "If you remove `{type_decl}`, you will have a valid Python statement.\n"
msgstr ""

#: syntax_errors\statement_analyzer.py:959
msgid ""
"However, even if you remove `{type_decl}`, there would still be some\n"
"some syntax errors.\n"
msgstr ""

#: syntax_errors\statement_analyzer.py:964
msgid "You do not need to declare variables in Python.\n"
msgstr "No es necesario declarar variables en Python.\n"

#: syntax_errors\statement_analyzer.py:965
msgid ""
"It looks like you were trying to declare that `{var}` was\n"
"a variable using the word `{type_decl}`.\n"
msgstr ""

#: syntax_errors\statement_analyzer.py:996
msgid ""
"I am guessing that you forgot a comma between two strings\n"
"when defining a dict.\n"
"\n"
msgstr ""
"Supongo que has olvidado una coma entre dos cadenas\n"
"al definir un dict.\n"
"\n"

#: syntax_errors\statement_analyzer.py:1035
msgid "Did you forget to write `in`?\n"
msgstr "¿Olvidaste escribir `in`?\n"

#: syntax_errors\statement_analyzer.py:1036
msgid ""
"It looks as though you forgot to use the keyword `in`\n"
"as part of a `for` statement. Perhaps you meant:\n"
"\n"
"    {new_statement}\n"
"\n"
msgstr ""

#: syntax_errors\statement_analyzer.py:1058
msgid "Did you forget to write parenthesis?\n"
msgstr "¿Te has olvidado de escribir paréntesis?\n"

#: syntax_errors\statement_analyzer.py:1059
msgid ""
"It looks as though you forgot to use to use parenthesis with `range`.\n"
"Perhaps you meant:\n"
"\n"
"    {new_statement}\n"
"\n"
msgstr ""
"Parece que te has olvidado de usar paréntesis con `range`.\n"
"Tal vez quisiste decir:\n"
"\n"
"    {new_statement}\n"
"\n"

#: syntax_errors\statement_analyzer.py:1091
msgid ""
"Perhaps you meant to write `{keyword}` and made a typo.\n"
"The correct line might be `{line}`\n"
msgstr ""
"Tal vez quiso escribir `{keyword}` y cometió un error.\n"
"La línea correcta podría ser `{line}`\n"

#: syntax_errors\statement_analyzer.py:1104
msgid ""
"I am guessing that you were writing a comprehension or a generator "
"expression\n"
"and use the wrong order for a condition.\n"
"The correct order depends if there is an `else` clause or not.\n"
"For example, the correct order for a list comprehensions with\n"
"condition can be either\n"
"\n"
"    [f(x) if condition else other for x in sequence]  # 'if' before 'for'\n"
"\n"
"or, if there is no `else`\n"
"\n"
"    [f(x) for x in sequence if condition]  # 'if' after 'for'\n"
"\n"
msgstr ""
"Supongo que estabas escribiendo una comprensión o una expresión generadora\n"
"y utilizas el orden incorrecto para una condición.\n"
"El orden correcto depende de si hay una cláusula `else` o no.\n"
"Por ejemplo, el orden correcto para una comprensión de lista con\n"
"condición puede ser\n"
"\n"
"    [f(x) if condición else otro for x in secuencia]  # 'if' antes de 'for'\n"
"\n"
"o, si no hay ningún `else`\n"
"\n"
"    [f(x) for x in secuencia if condición]  # 'if' despues de 'for'\n"
"\n"

#: syntax_errors\statement_analyzer.py:1206
msgid "You cannot have spaces in identifiers (variable names).\n"
msgstr ""
"No puede haber espacios en los identificadores (nombres de variables).\n"

#: syntax_errors\statement_analyzer.py:1225
msgid "`bf` is an illegal string prefix.\n"
msgstr "`bf` es un prefijo de cadena no valido.\n"

#: syntax_errors\statement_analyzer.py:1226
msgid ""
"I am guessing that you wanted a binary f-string;\n"
"this is not allowed.\n"
msgstr ""
"Supongo que querías un f-string binario;\n"
"esto no está permitido.\n"

#: syntax_errors\statement_analyzer.py:1251
msgid ""
"It is possible that you forgot a comma between items in a tuple, \n"
"or between function arguments, \n"
"before the position indicated by ^.\n"
msgstr ""
"Es posible que haya olvidado una coma entre los elementos de una tupla, \n"
"o entre los argumentos de una función, \n"
"antes de la posición indicada por ^.\n"

#: syntax_errors\statement_analyzer.py:1259
msgid ""
"It is possible that you forgot a comma between items in a list\n"
"before the position indicated by ^.\n"
msgstr ""
"Es posible que haya olvidado una coma entre los elementos de una lista\n"
"antes de la posición indicada por ^.\n"

#: syntax_errors\statement_analyzer.py:1265
msgid ""
"It is possible that you forgot a comma between items in a set or dict\n"
"before the position indicated by ^.\n"
msgstr ""
"Es posible que haya olvidado una coma entre los elementos de un set o dict\n"
"antes de la posición indicada por ^.\n"

#: syntax_errors\statement_analyzer.py:1289
msgid ""
"Python indicates that the error is caused by `{second}` written immediately "
"after `{first}`.\n"
msgstr ""
"Python indica que el error es causado por `{second}` escrito inmediatamente "
"después de `{first}`.\n"

#: syntax_errors\statement_analyzer.py:1319
msgid ""
"Perhaps you meant\n"
"\n"
"    {line}\n"
msgstr ""
"Tal vez se refería a\n"
"\n"
"    {line}\n"

#: syntax_errors\statement_analyzer.py:1326
msgid "Did you forget something between `{first}` and `{second}`?\n"
msgstr "¿Olvidaste algo entre `{first}` y `{second}`?\n"

#: syntax_errors\statement_analyzer.py:1341
msgid ""
"Perhaps you meant to insert an operator like `{operators}`\n"
"between `{first}` and `{second}`.\n"
"The following lines of code would not cause any `SyntaxError`:\n"
"\n"
msgstr ""
"Tal vez usted quería insertar un operador como `{operators}`\n"
"entre `{first}` y `{second}`.\n"
"Las siguientes líneas de código no causarían ningún `SyntaxError`:\n"
"\n"

#: syntax_errors\statement_analyzer.py:1350
msgid ""
"Note: these are just some of the possible choices and that\n"
"some of them might raise other types of exceptions.\n"
msgstr ""
"Nota: estas son sólo algunas de las opciones posibles y que\n"
"algunas de ellas pueden generar otros tipos de excepciones.\n"

#: syntax_errors\statement_analyzer.py:1357
msgid "There is an additional possibility.\n"
msgstr ""

#: syntax_errors\statement_analyzer.py:1372
msgid ""
"It is possible that you used an equal sign `=` instead of a colon `:`\n"
"to assign values to keys in a dict\n"
"before or at the position indicated by ^.\n"
msgstr ""
"Es posible que haya utilizado un signo igual `=` en lugar de dos puntos `:`\n"
"para asignar valores a las claves de un dict\n"
"antes o en la posición indicada por ^.\n"

#: syntax_errors\statement_analyzer.py:1389
msgid ""
"The Python keyword `{boolean}` can only be used for boolean expressions.\n"
"Perhaps you meant to write\n"
"\n"
"`{new_statement}`\n"
msgstr ""
"La palabra clave de Python `{boolean}` sólo puede utilizarse para "
"expresiones booleanas.\n"
"Quizás haya querido escribir\n"
"\n"
"`{new_statement}`\n"

#: syntax_errors\statement_analyzer.py:1421
msgid ""
"I am guessing that you are trying to import at least one object\n"
"from module `{module}` and rename it using the Python keyword `as`;\n"
"this keyword can only be used to rename one object at a time\n"
"using a well defined syntax.\n"
"I suggest that you split up any such import statement with each object\n"
"renamed on a separate line as follows:\n"
"\n"
"    from {module} import object_1 as name_1\n"
"    from {module} import object_2 as name_2  # if needed\n"
msgstr ""
"Supongo que estás intentando importar al menos un objeto\n"
"del módulo `{module}` y renombrarlo usando la palabra clave de Python `as`;\n"
"esta palabra clave sólo puede ser utilizada para renombrar un objeto a la "
"vez\n"
"utilizando una sintaxis bien definida.\n"
"Le sugiero que divida cualquier declaración de importación con cada objeto\n"
"renombrado en una línea separada como sigue:\n"
"\n"
"    from {module} import objeto_1 as nombre_1\n"
"    from {module} import objeto_2 as nombre_2  # si es necesario\n"

#: syntax_errors\statement_analyzer.py:1451
msgid ""
"I am guessing that you wrote {bad_token} twice in a row by mistake.\n"
"If that is the case, you need to remove the second one.\n"
msgstr ""
"Supongo que has escrito {bad_token} dos veces seguidas por error.\n"
"Si ese es el caso, tienes que eliminar la segunda.\n"

#: syntax_errors\statement_analyzer.py:1455
msgid "Did you write {bad_token} twice by mistake?\n"
msgstr "¿Has escrito {bad_token} dos veces por error?\n"

#: syntax_errors\statement_analyzer.py:1474
msgid ""
"I am guessing that you wrote {bad_token} by mistake.\n"
"Removing it and writing `{line}` seems to fix the error.\n"
msgstr ""
"Supongo que has escrito {bad_token} por error.\n"
"Quitándolo y escribiendo `{line}` parece que se solucionara el error.\n"

#: syntax_errors\statement_analyzer.py:1478
msgid "Did you write {bad_token} by mistake?\n"
msgstr "¿Has escrito {bad_token} por error?\n"

#: syntax_errors\statement_analyzer.py:1495
msgid ""
"It looks like the error occurred as you were writing a Python dict.\n"
"Perhaps wrote a dict key without writing the corresponding value.\n"
msgstr ""
"Parece que el error se ha producido al escribir un `dict` de Python.\n"
"Tal vez escribió una clave de `dict` sin escribir el valor correspondiente.\n"

#: syntax_errors\statement_analyzer.py:1511
msgid ""
"The `else` keyword does not begin a code block that matches\n"
"a valid code block, possibly because `else` is not indented correctly.\n"
msgstr ""

#: syntax_errors\statement_analyzer.py:1526
msgid ""
"The `elif` keyword does not begin a code block that matches\n"
"an `if` block, possibly because `elif` is not indented correctly.\n"
msgstr ""

#: syntax_errors\statement_analyzer.py:1558
msgid "You used square brackets, `[...]` instead of parentheses.\n"
msgstr ""

#: syntax_errors\statement_analyzer.py:1562
msgid ""
"Write the following instead:\n"
"\n"
"{new_statement}"
msgstr ""

#: syntax_errors\statement_analyzer.py:1606
msgid "The opening {bracket} on line {linenumber} is not closed.\n"
msgstr "El {bracket} de apertura en la línea {linenumber} no está cerrado.\n"

#: syntax_errors\statement_analyzer.py:1620
msgid "If this is incorrect, please report this case.\n"
msgstr "Si esto es incorrecto, por favor reporte este caso.\n"

#: syntax_errors\statement_analyzer.py:1632
msgid ""
"Perhaps you wrote a statement beginning a code block\n"
"intended to be part of a generator expression.\n"
"You cannot have separate code blocks inside generator expressions.\n"
msgstr ""

#: syntax_errors\statement_analyzer.py:1638
msgid ""
"Perhaps you wrote a statement beginning a code block\n"
"intended to be part of a list comprehension.\n"
"You cannot have separate code blocks inside list comprehensions.\n"
msgstr ""

#: syntax_errors\statement_analyzer.py:1644
msgid ""
"Perhaps you wrote a statement beginning a code block\n"
"intended to be part of a dict or set comprehension.\n"
"You cannot have separate code blocks inside dict or set comprehensions.\n"
msgstr ""

#: syntax_errors\statement_analyzer.py:1650
#, fuzzy
#| msgid "If this is incorrect, please report this case.\n"
msgid "If this explanation is incorrect, please report this case.\n"
msgstr "Si esto es incorrecto, por favor reporte este caso.\n"

#: syntax_errors\syntax_utils.py:21
msgid "parenthesis `(`"
msgstr "paréntesis `(`"

#: syntax_errors\syntax_utils.py:22
msgid "parenthesis `)`"
msgstr "paréntesis `)`"

#: syntax_errors\syntax_utils.py:23
msgid "square bracket `[`"
msgstr "corchete `[`"

#: syntax_errors\syntax_utils.py:24
msgid "square bracket `]`"
msgstr "corchete `]`"

#: syntax_errors\syntax_utils.py:25
msgid "curly bracket `{`"
msgstr "llave `{`"

#: syntax_errors\syntax_utils.py:26
msgid "curly bracket `}`"
msgstr "llave `}`"

#: syntax_errors\syntax_utils.py:55
msgid "Did you mean to use a normal quote character, `'` or `\"`?\n"
msgstr "¿Quería utilizar un carácter de comillas normal, `'` o `\"`?\n"

#: syntax_errors\syntax_utils.py:56
msgid ""
"I suspect that you used a fancy unicode quotation mark\n"
"whose name is {name}\n"
"instead of a normal single or double quote for a string.\n"
msgstr ""
"Sospecho que has utilizado una comilla unicode de fantasía\n"
"cuyo nombre es {name}\n"
"en lugar de una comilla simple o doble normal para una cadena.\n"

#: syntax_errors\syntax_utils.py:71
msgid "Or perhaps, you meant to write a less than sign, `<`.\n"
msgstr "O tal vez, quisiste escribir un signo menos que, `<`.\n"

#: syntax_errors\syntax_utils.py:73
msgid "Or perhaps, you meant to write a greater than sign, `>`.\n"
msgstr "O tal vez, quisiste escribir un signo mayor que, `>`.\n"

#: syntax_errors\syntax_utils.py:75
msgid "Or perhaps, you meant to write a comma.\n"
msgstr "O tal vez, quisiste escribir una coma.\n"

#: syntax_errors\syntax_utils.py:88
msgid ""
"I suspect that you used a fancy unicode quotation mark\n"
"whose name is {name}.\n"
"\n"
msgstr ""
"Sospecho que has utilizado una comilla elegante unicode\n"
"cuyo nombre es {name}.\n"
"\n"

#: syntax_errors\syntax_utils.py:103
msgid "Perhaps, you meant to write a less than sign, `<`.\n"
msgstr "Tal vez, quisiste escribir un signo menos que, `<`.\n"

#: syntax_errors\syntax_utils.py:104
msgid "Did you mean to write a less than sign, `<`?\n"
msgstr "¿Querías escribir un signo menos que, `<`?\n"

#: syntax_errors\syntax_utils.py:106
msgid "Perhaps, you meant to write a greater than sign, `>`.\n"
msgstr "Tal vez, quisiste escribir un signo mayor que, `>`.\n"

#: syntax_errors\syntax_utils.py:107
msgid "Did you mean to write a greater than sign, `>`?\n"
msgstr "¿Querías escribir un signo mayor que, `>`?\n"

#: syntax_errors\syntax_utils.py:109
msgid "Perhaps, you meant to write a comma.\n"
msgstr "Tal vez, quisiste escribir una coma.\n"

#: syntax_errors\syntax_utils.py:123
msgid ""
"I suspect that you used the unicode character known as\n"
"'FRACTION SLASH', which looks similar to\n"
"but is different from the division operator `/`.\n"
msgstr ""
"Sospecho que has utilizado el carácter unicode conocido como\n"
"'FRACTION SLASH', que es similar a\n"
"pero es diferente del operador de división `/`.\n"

#: syntax_errors\syntax_utils.py:130
msgid "Did you use a unicode fraction?\n"
msgstr "¿Usaste una fracción unicode?\n"

#: syntax_errors\syntax_utils.py:131
msgid ""
"I suspect that you used the unicode character `{char}`meant to represent a "
"fraction.\n"
"The name of this unicode character is {name}.\n"
msgstr ""
"Sospecho que has utilizado el carácter unicode `{char}` para representar una "
"fracción.\n"
"El nombre de este carácter unicode es {name}.\n"

#: syntax_errors\syntax_utils.py:168
msgid "Did you mean `{num}/{denom}`?\n"
msgstr "¿Quieres decir `{num}/{denom}`?\n"

#: syntax_errors\syntax_utils.py:169
msgid ""
"You used the unicode character {char} which is known as\n"
"{name}\n"
"I suspect that you meant to write the fraction `{num}/{denom}` instead.\n"
msgstr ""
"Has utilizado el carácter unicode {char} que se conoce como\n"
"{name}\n"
"Sospecho que querías escribir la fracción `{num}/{denom}` en su lugar.\n"

#~ msgid "Sets the prompt style to be used in the console."
#~ msgstr "Establece el estilo de indicación que se utilizará en la consola."
